[FATAL] 2026-01-14 16:00:58 | ПРИЧИНА: Не удалось записать в основной лог после 5 попыток
ПОТЕРЯННАЯ ЗАПИСЬ: [~] 6240 | 2026-01-14 16:00:58 | ИЗМЕНЕНИЕ    | test01          | Статус изменен: Runned → Stopped (процесс остановлен)
====================
[FATAL] 2026-01-14 16:00:58 | ПРИЧИНА: Не удалось записать в основной лог после 5 попыток
ПОТЕРЯННАЯ ЗАПИСЬ: [~] 6241 | 2026-01-14 16:00:58 | ИЗМЕНЕНИЕ    | авыаывавы       | Статус изменен: Runned → Stopped (процесс остановлен)
====================
[FATAL] 2026-01-14 16:00:59 | ПРИЧИНА: Не удалось записать в основной лог после 5 попыток
ПОТЕРЯННАЯ ЗАПИСЬ: [~] 6242 | 2026-01-14 16:00:58 | ИЗМЕНЕНИЕ    | Новый процесс.exe | Статус изменен: Runned → Stopped (процесс остановлен)
====================
[FATAL] 2026-01-14 16:00:59 | ПРИЧИНА: Не удалось записать в основной лог после 5 попыток
ПОТЕРЯННАЯ ЗАПИСЬ: [*] 6243 | 2026-01-14 16:00:59 | КОНСОЛЬ      | test01          | ✅ Процесс запущен через Run() (PID: 16744)
====================
[FATAL] 2026-01-14 16:01:00 | ПРИЧИНА: Не удалось записать в основной лог после 5 попыток
ПОТЕРЯННАЯ ЗАПИСЬ: [+] 6244 | 2026-01-14 16:00:59 | ВКЛЮЧЕНИЕ    | test01          | Процесс запущен: C:\Users\Administrator\Desktop\Запускатр_лог\test.exe
====================
[FATAL] 2026-01-14 16:01:02 | ПРИЧИНА: Не удалось записать в основной лог после 5 попыток
ПОТЕРЯННАЯ ЗАПИСЬ: [~] 6245 | 2026-01-14 16:01:02 | ИЗМЕНЕНИЕ    | test01          | Статус изменен: Stopped → Runned (процесс запущен)
====================
[FATAL] 2026-01-14 16:01:02 | ПРИЧИНА: Не удалось записать в основной лог после 5 попыток
ПОТЕРЯННАЯ ЗАПИСЬ: [~] 6246 | 2026-01-14 16:01:02 | ИЗМЕНЕНИЕ    | авыаывавы       | Статус изменен: Stopped → Runned (процесс запущен)
====================
[FATAL] 2026-01-14 16:01:03 | ПРИЧИНА: Не удалось записать в основной лог после 5 попыток
ПОТЕРЯННАЯ ЗАПИСЬ: [~] 6247 | 2026-01-14 16:01:02 | ИЗМЕНЕНИЕ    | Новый процесс.exe | Статус изменен: Stopped → Runned (процесс запущен)
====================
[FATAL] 2026-01-14 16:01:12 | ПРИЧИНА: Не удалось записать в основной лог после 5 попыток
ПОТЕРЯННАЯ ЗАПИСЬ: [~] 6248 | 2026-01-14 16:01:12 | ИЗМЕНЕНИЕ    | test01          | Статус изменен: Runned → Stopped (процесс остановлен)
====================
[FATAL] 2026-01-14 16:01:13 | ПРИЧИНА: Не удалось записать в основной лог после 5 попыток
ПОТЕРЯННАЯ ЗАПИСЬ: [~] 6249 | 2026-01-14 16:01:12 | ИЗМЕНЕНИЕ    | авыаывавы       | Статус изменен: Runned → Stopped (процесс остановлен)
====================
[FATAL] 2026-01-14 16:01:13 | ПРИЧИНА: Не удалось записать в основной лог после 5 попыток
ПОТЕРЯННАЯ ЗАПИСЬ: [~] 6250 | 2026-01-14 16:01:13 | ИЗМЕНЕНИЕ    | Новый процесс.exe | Статус изменен: Runned → Stopped (процесс остановлен)
====================
[FATAL] 2026-01-14 16:01:14 | ПРИЧИНА: Не удалось записать в основной лог после 5 попыток
ПОТЕРЯННАЯ ЗАПИСЬ: [*] 6251 | 2026-01-14 16:01:13 | КОНСОЛЬ      | test01          | ✅ Процесс запущен через Run() (PID: 10448)
====================
[FATAL] 2026-01-14 16:01:14 | ПРИЧИНА: Не удалось записать в основной лог после 5 попыток
ПОТЕРЯННАЯ ЗАПИСЬ: [+] 6252 | 2026-01-14 16:01:14 | ВКЛЮЧЕНИЕ    | test01          | Процесс запущен: C:\Users\Administrator\Desktop\Запускатр_лог\test.exe
====================
[FATAL] 2026-01-14 16:01:15 | ПРИЧИНА: Не удалось записать в основной лог после 5 попыток
ПОТЕРЯННАЯ ЗАПИСЬ: [~] 6253 | 2026-01-14 16:01:14 | ИЗМЕНЕНИЕ    | test01          | Статус изменен: Stopped → Runned (процесс запущен)
====================
[FATAL] 2026-01-14 16:01:15 | ПРИЧИНА: Не удалось записать в основной лог после 5 попыток
ПОТЕРЯННАЯ ЗАПИСЬ: [~] 6254 | 2026-01-14 16:01:15 | ИЗМЕНЕНИЕ    | авыаывавы       | Статус изменен: Stopped → Runned (процесс запущен)
====================
[FATAL] 2026-01-14 16:01:15 | ПРИЧИНА: Не удалось записать в основной лог после 5 попыток
ПОТЕРЯННАЯ ЗАПИСЬ: [~] 6255 | 2026-01-14 16:01:15 | ИЗМЕНЕНИЕ    | Новый процесс.exe | Статус изменен: Stopped → Runned (процесс запущен)
====================
[FATAL] 2026-01-14 16:01:27 | ПРИЧИНА: Не удалось записать в основной лог после 5 попыток
ПОТЕРЯННАЯ ЗАПИСЬ: [~] 6256 | 2026-01-14 16:01:27 | ИЗМЕНЕНИЕ    | test01          | Статус изменен: Runned → Stopped (процесс остановлен)
====================
[FATAL] 2026-01-14 16:01:27 | ПРИЧИНА: Не удалось записать в основной лог после 5 попыток
ПОТЕРЯННАЯ ЗАПИСЬ: [~] 6257 | 2026-01-14 16:01:27 | ИЗМЕНЕНИЕ    | авыаывавы       | Статус изменен: Runned → Stopped (процесс остановлен)
====================
[FATAL] 2026-01-14 16:01:27 | ПРИЧИНА: Не удалось записать в основной лог после 5 попыток
ПОТЕРЯННАЯ ЗАПИСЬ: [~] 6258 | 2026-01-14 16:01:27 | ИЗМЕНЕНИЕ    | Новый процесс.exe | Статус изменен: Runned → Stopped (процесс остановлен)
====================
[FATAL] 2026-01-14 16:01:28 | ПРИЧИНА: Не удалось записать в основной лог после 5 попыток
ПОТЕРЯННАЯ ЗАПИСЬ: [*] 6259 | 2026-01-14 16:01:28 | КОНСОЛЬ      | test01          | ✅ Процесс запущен через Run() (PID: 9592)
====================
[FATAL] 2026-01-14 16:01:28 | ПРИЧИНА: Не удалось записать в основной лог после 5 попыток
ПОТЕРЯННАЯ ЗАПИСЬ: [+] 6260 | 2026-01-14 16:01:28 | ВКЛЮЧЕНИЕ    | test01          | Процесс запущен: C:\Users\Administrator\Desktop\Запускатр_лог\test.exe
====================
[FATAL] 2026-01-14 16:01:29 | ПРИЧИНА: Не удалось записать в основной лог после 5 попыток
ПОТЕРЯННАЯ ЗАПИСЬ: [~] 6261 | 2026-01-14 16:01:29 | ИЗМЕНЕНИЕ    | test01          | Статус изменен: Stopped → Runned (процесс запущен)
====================
[FATAL] 2026-01-14 16:01:29 | ПРИЧИНА: Не удалось записать в основной лог после 5 попыток
ПОТЕРЯННАЯ ЗАПИСЬ: [~] 6262 | 2026-01-14 16:01:29 | ИЗМЕНЕНИЕ    | авыаывавы       | Статус изменен: Stopped → Runned (процесс запущен)
====================
[FATAL] 2026-01-14 16:01:30 | ПРИЧИНА: Не удалось записать в основной лог после 5 попыток
ПОТЕРЯННАЯ ЗАПИСЬ: [~] 6263 | 2026-01-14 16:01:29 | ИЗМЕНЕНИЕ    | Новый процесс.exe | Статус изменен: Stopped → Runned (процесс запущен)
====================
[FATAL] 2026-01-14 16:01:41 | ПРИЧИНА: Не удалось записать в основной лог после 5 попыток
ПОТЕРЯННАЯ ЗАПИСЬ: [~] 6264 | 2026-01-14 16:01:41 | ИЗМЕНЕНИЕ    | test01          | Статус изменен: Runned → Stopped (процесс остановлен)
====================
[FATAL] 2026-01-14 16:01:41 | ПРИЧИНА: Не удалось записать в основной лог после 5 попыток
ПОТЕРЯННАЯ ЗАПИСЬ: [~] 6265 | 2026-01-14 16:01:41 | ИЗМЕНЕНИЕ    | авыаывавы       | Статус изменен: Runned → Stopped (процесс остановлен)
====================
[FATAL] 2026-01-14 16:01:42 | ПРИЧИНА: Не удалось записать в основной лог после 5 попыток
ПОТЕРЯННАЯ ЗАПИСЬ: [~] 6266 | 2026-01-14 16:01:41 | ИЗМЕНЕНИЕ    | Новый процесс.exe | Статус изменен: Runned → Stopped (процесс остановлен)
====================
[FATAL] 2026-01-14 16:01:42 | ПРИЧИНА: Не удалось записать в основной лог после 5 попыток
ПОТЕРЯННАЯ ЗАПИСЬ: [*] 6267 | 2026-01-14 16:01:42 | КОНСОЛЬ      | test01          | ✅ Процесс запущен через Run() (PID: 12820)
====================
[FATAL] 2026-01-14 16:01:43 | ПРИЧИНА: Не удалось записать в основной лог после 5 попыток
ПОТЕРЯННАЯ ЗАПИСЬ: [+] 6268 | 2026-01-14 16:01:42 | ВКЛЮЧЕНИЕ    | test01          | Процесс запущен: C:\Users\Administrator\Desktop\Запускатр_лог\test.exe
====================
[FATAL] 2026-01-14 16:01:44 | ПРИЧИНА: Не удалось записать в основной лог после 5 попыток
ПОТЕРЯННАЯ ЗАПИСЬ: [~] 6269 | 2026-01-14 16:01:43 | ИЗМЕНЕНИЕ    | test01          | Статус изменен: Stopped → Runned (процесс запущен)
====================
[FATAL] 2026-01-14 16:01:44 | ПРИЧИНА: Не удалось записать в основной лог после 5 попыток
ПОТЕРЯННАЯ ЗАПИСЬ: [~] 6270 | 2026-01-14 16:01:44 | ИЗМЕНЕНИЕ    | авыаывавы       | Статус изменен: Stopped → Runned (процесс запущен)
====================
[FATAL] 2026-01-14 16:01:44 | ПРИЧИНА: Не удалось записать в основной лог после 5 попыток
ПОТЕРЯННАЯ ЗАПИСЬ: [~] 6271 | 2026-01-14 16:01:44 | ИЗМЕНЕНИЕ    | Новый процесс.exe | Статус изменен: Stopped → Runned (процесс запущен)
====================
[FATAL] 2026-01-14 19:30:21 | ПРИЧИНА: Не удалось записать в основной лог после 5 попыток
ПОТЕРЯННАЯ ЗАПИСЬ: [#] 0001 | 2026-01-14 19:30:21 | СИСТЕМА      | THREAD          | Запущен фоновый процесс
====================
