[*] 6840 | 2026-01-14 19:07:20 | КОНСОЛЬ      | 43243           | AUTO кнопка: серая с фиолетовым текстом
[*] 6841 | 2026-01-14 19:07:20 | КОНСОЛЬ      | 43243           | STOP кнопка: серая (неактивна)
[-] 6842 | 2026-01-14 19:07:21 | ОТКЛЮЧЕНИЕ   | 43243           | Остановлено процессов: 1 (test.exe)
[~] 6843 | 2026-01-14 19:07:22 | ИЗМЕНЕНИЕ    | test01          | Статус изменен: Runned → Stopped (процесс остановлен)
[~] 6844 | 2026-01-14 19:07:22 | ИЗМЕНЕНИЕ    | авыаывавы       | Статус изменен: Runned → Stopped (процесс остановлен)
[~] 6845 | 2026-01-14 19:07:22 | ИЗМЕНЕНИЕ    | 43243           | Статус изменен: Runned → Stopped (процесс остановлен)
[#] 6846 | 2026-01-14 19:07:26 | СИСТЕМА      | TRAY            | 🚪 Выход из программы через меню трея
[-] 6847 | 2026-01-14 19:07:26 | ОТКЛЮЧЕНИЕ   | СИСТЕМА         | Process Manager завершает работу
[-] 6848 | 2026-01-14 19:07:26 | ОТКЛЮЧЕНИЕ   | СИСТЕМА         | Завершение работы (Код выхода: 0, Метод: 1)
[+] 6849 | 2026-01-14 19:08:02 | ВКЛЮЧЕНИЕ    | СИСТЕМА         | Process Manager запущен
[#] 6850 | 2026-01-14 19:08:04 | СИСТЕМА      | TRAY            | ✅ Иконка трея инициализирована
[#] 6851 | 2026-01-14 19:08:05 | СИСТЕМА      | HOTKEY          | ✅ F2 и F5 успешно перехвачены на попытке 1
[*] 6852 | 2026-01-14 19:09:44 | КОНСОЛЬ      | Autoit_Error    | AUTO включен пользователем
[*] 6853 | 2026-01-14 19:09:44 | КОНСОЛЬ      | Autoit_Error    | Обновление кнопок: AUTO=1
[*] 6854 | 2026-01-14 19:09:44 | КОНСОЛЬ      | Autoit_Error    | AUTO кнопка: фиолетовая с белым текстом
[*] 6855 | 2026-01-14 19:09:44 | КОНСОЛЬ      | Autoit_Error    | STOP кнопка: красная с белым текстом (активна)
[*] 6856 | 2026-01-14 19:09:44 | КОНСОЛЬ      | Autoit_Error    | ✅ Процесс запущен через Run() (PID: 14740, попытка: 1)
[+] 6857 | 2026-01-14 19:09:44 | ВКЛЮЧЕНИЕ    | Autoit_Error    | Процесс запущен: C:\Users\Administrator\Desktop\Запускатр_лог\00_AutoitError.exe
[~] 6858 | 2026-01-14 19:09:45 | ИЗМЕНЕНИЕ    | Autoit_Error    | Статус изменен: Stopped → Runned (процесс запущен)
[+] 6859 | 2026-01-14 19:10:10 | ВКЛЮЧЕНИЕ    | СИСТЕМА         | Process Manager запущен
[#] 6860 | 2026-01-14 19:10:11 | СИСТЕМА      | TRAY            | ✅ Иконка трея инициализирована
[#] 6861 | 2026-01-14 19:10:12 | СИСТЕМА      | HOTKEY          | ✅ F2 и F5 успешно перехвачены на попытке 1
[#] 6862 | 2026-01-14 19:17:17 | СИСТЕМА      | TRAY            | 🚪 Выход из программы через меню трея
[-] 6863 | 2026-01-14 19:17:17 | ОТКЛЮЧЕНИЕ   | СИСТЕМА         | Process Manager завершает работу
[-] 6864 | 2026-01-14 19:17:17 | ОТКЛЮЧЕНИЕ   | СИСТЕМА         | Завершение работы (Код выхода: 0, Метод: 1)
[+] 6865 | 2026-01-14 19:17:18 | ВКЛЮЧЕНИЕ    | СИСТЕМА         | Process Manager запущен
[#] 6866 | 2026-01-14 19:17:19 | СИСТЕМА      | TRAY            | ✅ Иконка трея инициализирована
[#] 6867 | 2026-01-14 19:17:20 | СИСТЕМА      | HOTKEY          | ✅ F2 и F5 успешно перехвачены на попытке 1
[*] 6868 | 2026-01-14 19:17:21 | КОНСОЛЬ      | Autoit_Error    | AUTO выключен пользователем
[*] 6869 | 2026-01-14 19:17:21 | КОНСОЛЬ      | Autoit_Error    | Обновление кнопок: AUTO=0
[*] 6870 | 2026-01-14 19:17:21 | КОНСОЛЬ      | Autoit_Error    | AUTO кнопка: серая с фиолетовым текстом
[*] 6871 | 2026-01-14 19:17:21 | КОНСОЛЬ      | Autoit_Error    | STOP кнопка: серая (неактивна)
[-] 6872 | 2026-01-14 19:17:21 | ОТКЛЮЧЕНИЕ   | Autoit_Error    | Остановлено процессов: 1 (00_AutoitError.exe)
[~] 6873 | 2026-01-14 19:17:22 | ИЗМЕНЕНИЕ    | Autoit_Error    | Статус изменен: Runned → Stopped (процесс остановлен)
[#] 6874 | 2026-01-14 19:17:23 | СИСТЕМА      | TRAY            | 🚪 Выход из программы через меню трея
[-] 6875 | 2026-01-14 19:17:23 | ОТКЛЮЧЕНИЕ   | СИСТЕМА         | Process Manager завершает работу
[-] 6876 | 2026-01-14 19:17:23 | ОТКЛЮЧЕНИЕ   | СИСТЕМА         | Завершение работы (Код выхода: 0, Метод: 1)
[+] 6877 | 2026-01-14 19:18:41 | ВКЛЮЧЕНИЕ    | СИСТЕМА         | Process Manager запущен
[#] 6878 | 2026-01-14 19:18:43 | СИСТЕМА      | TRAY            | ✅ Иконка трея инициализирована
[#] 6879 | 2026-01-14 19:18:44 | СИСТЕМА      | HOTKEY          | ✅ F2 и F5 успешно перехвачены на попытке 1
[#] 6880 | 2026-01-14 19:19:07 | СИСТЕМА      | TRAY            | 🚪 Выход из программы через меню трея
[-] 6881 | 2026-01-14 19:19:07 | ОТКЛЮЧЕНИЕ   | СИСТЕМА         | Process Manager завершает работу
[-] 6882 | 2026-01-14 19:19:07 | ОТКЛЮЧЕНИЕ   | СИСТЕМА         | Завершение работы (Код выхода: 0, Метод: 1)
[+] 6883 | 2026-01-14 19:19:24 | ВКЛЮЧЕНИЕ    | СИСТЕМА         | Process Manager запущен
[#] 6884 | 2026-01-14 19:19:25 | СИСТЕМА      | TRAY            | ✅ Иконка трея инициализирована
[#] 6885 | 2026-01-14 19:19:26 | СИСТЕМА      | HOTKEY          | ✅ F2 и F5 успешно перехвачены на попытке 1
[#] 6886 | 2026-01-14 19:25:00 | СИСТЕМА      | TRAY            | 🚪 Выход из программы через меню трея
[-] 6887 | 2026-01-14 19:25:00 | ОТКЛЮЧЕНИЕ   | СИСТЕМА         | Process Manager завершает работу
[-] 6888 | 2026-01-14 19:25:00 | ОТКЛЮЧЕНИЕ   | СИСТЕМА         | Завершение работы (Код выхода: 0, Метод: 1)
[+] 6889 | 2026-01-14 19:25:19 | ВКЛЮЧЕНИЕ    | СИСТЕМА         | Process Manager запущен
[#] 6890 | 2026-01-14 19:25:20 | СИСТЕМА      | TRAY            | ✅ Иконка трея инициализирована
[#] 6891 | 2026-01-14 19:25:21 | СИСТЕМА      | HOTKEY          | ✅ F2 и F5 успешно перехвачены на попытке 1
[*] 6892 | 2026-01-14 19:25:26 | КОНСОЛЬ      | Autoit_Error    | AUTO включен пользователем
[*] 6893 | 2026-01-14 19:25:26 | КОНСОЛЬ      | Autoit_Error    | Обновление кнопок: AUTO=1
[*] 6894 | 2026-01-14 19:25:26 | КОНСОЛЬ      | Autoit_Error    | AUTO кнопка: фиолетовая с белым текстом
[*] 6895 | 2026-01-14 19:25:27 | КОНСОЛЬ      | Autoit_Error    | STOP кнопка: красная с белым текстом (активна)
[*] 6896 | 2026-01-14 19:25:27 | КОНСОЛЬ      | Autoit_Error    | ✅ Процесс запущен через Run() (PID: 18532, попытка: 1)
[+] 6897 | 2026-01-14 19:25:27 | ВКЛЮЧЕНИЕ    | Autoit_Error    | Процесс запущен: C:\Users\Administrator\Desktop\Запускатр_лог\00_AutoitError.exe
[~] 6898 | 2026-01-14 19:25:27 | ИЗМЕНЕНИЕ    | Autoit_Error    | Статус изменен: Stopped → Runned (процесс запущен)
[+] 6899 | 2026-01-14 19:31:33 | ВКЛЮЧЕНИЕ    | СИСТЕМА         | Process Manager запущен
[#] 6900 | 2026-01-14 19:31:34 | СИСТЕМА      | TRAY            | ✅ Иконка трея инициализирована
[#] 6901 | 2026-01-14 19:31:35 | СИСТЕМА      | HOTKEY          | ✅ F2 и F5 успешно перехвачены на попытке 1
[*] 6902 | 2026-01-14 19:31:40 | КОНСОЛЬ      | Autoit_Error    | AUTO выключен пользователем
[*] 6903 | 2026-01-14 19:31:40 | КОНСОЛЬ      | Autoit_Error    | Обновление кнопок: AUTO=0
[*] 6904 | 2026-01-14 19:31:40 | КОНСОЛЬ      | Autoit_Error    | AUTO кнопка: серая с фиолетовым текстом
[*] 6905 | 2026-01-14 19:31:40 | КОНСОЛЬ      | Autoit_Error    | STOP кнопка: серая (неактивна)
[-] 6906 | 2026-01-14 19:31:41 | ОТКЛЮЧЕНИЕ   | Autoit_Error    | Остановлено процессов: 1 (00_AutoitError.exe)
[~] 6907 | 2026-01-14 19:31:41 | ИЗМЕНЕНИЕ    | Autoit_Error    | Статус изменен: Runned → Stopped (процесс остановлен)
[#] 6908 | 2026-01-14 19:31:46 | СИСТЕМА      | TRAY            | 🚪 Выход из программы через меню трея
[-] 6909 | 2026-01-14 19:31:46 | ОТКЛЮЧЕНИЕ   | СИСТЕМА         | Process Manager завершает работу
[-] 6910 | 2026-01-14 19:31:46 | ОТКЛЮЧЕНИЕ   | СИСТЕМА         | Завершение работы (Код выхода: 0, Метод: 1)
[#] 0001 | 2026-01-14 19:32:18 | СИСТЕМА      | THREAD          | Запущен фоновый процесс
[+] 0002 | 2026-01-14 19:32:18 | ВКЛЮЧЕНИЕ    | СИСТЕМА         | Process Manager запущен
[#] 0003 | 2026-01-14 19:32:20 | СИСТЕМА      | TRAY            | ✅ Иконка трея инициализирована
[#] 0004 | 2026-01-14 19:32:21 | СИСТЕМА      | HOTKEY          | ✅ F2 и F5 успешно перехвачены на попытке 1
[#] 0005 | 2026-01-14 19:35:24 | СИСТЕМА      | TRAY            | 🚪 Выход из программы через меню трея
[-] 0006 | 2026-01-14 19:35:24 | ОТКЛЮЧЕНИЕ   | СИСТЕМА         | Process Manager завершает работу
[-] 0007 | 2026-01-14 19:35:24 | ОТКЛЮЧЕНИЕ   | СИСТЕМА         | Завершение работы (Код выхода: 0, Метод: 1)
[#] 0001 | 2026-01-14 19:35:33 | СИСТЕМА      | THREAD          | Запущен фоновый процесс
[+] 0002 | 2026-01-14 19:35:33 | ВКЛЮЧЕНИЕ    | СИСТЕМА         | Process Manager запущен
[#] 0003 | 2026-01-14 19:35:35 | СИСТЕМА      | TRAY            | ✅ Иконка трея инициализирована
[#] 0004 | 2026-01-14 19:35:36 | СИСТЕМА      | HOTKEY          | ✅ F2 и F5 успешно перехвачены на попытке 1
[*] 0005 | 2026-01-14 19:35:44 | КОНСОЛЬ      | Autoit_Error    | AUTO включен пользователем
[*] 0006 | 2026-01-14 19:35:44 | КОНСОЛЬ      | Autoit_Error    | Обновление кнопок: AUTO=1
[*] 0007 | 2026-01-14 19:35:44 | КОНСОЛЬ      | Autoit_Error    | AUTO кнопка: фиолетовая с белым текстом
[*] 0008 | 2026-01-14 19:35:44 | КОНСОЛЬ      | Autoit_Error    | STOP кнопка: красная с белым текстом (активна)
[*] 0009 | 2026-01-14 19:35:44 | КОНСОЛЬ      | Autoit_Error    | ✅ Процесс запущен через Run() (PID: 17620, попытка: 1)
[+] 0010 | 2026-01-14 19:35:44 | ВКЛЮЧЕНИЕ    | Autoit_Error    | Процесс запущен: C:\Users\Administrator\Desktop\Запускатр_лог\00_AutoitError.exe
[~] 0011 | 2026-01-14 19:35:45 | ИЗМЕНЕНИЕ    | Autoit_Error    | Статус изменен: Stopped → Runned (процесс запущен)
[+] 0012 | 2026-01-14 19:35:47 | ВКЛЮЧЕНИЕ    | СИСТЕМА         | Process Manager запущен
[#] 0013 | 2026-01-14 19:35:49 | СИСТЕМА      | TRAY            | ✅ Иконка трея инициализирована
[#] 0014 | 2026-01-14 19:35:53 | СИСТЕМА      | HOTKEY          | ⚠️ F2 F5 всё еще занят старым процессом... Попытка 3/10
[#] 0015 | 2026-01-14 19:35:56 | СИСТЕМА      | HOTKEY          | ⚠️ F2 F5 всё еще занят старым процессом... Попытка 6/10
[#] 0016 | 2026-01-14 19:35:59 | СИСТЕМА      | HOTKEY          | ⚠️ F2 F5 всё еще занят старым процессом... Попытка 9/10
[!] 0017 | 2026-01-14 19:36:00 | ОШИБКА       | HOTKEY          | ❌ Не удалось занять F2 F5 за 10 попыток (10 секунд). Самоотключение.
[#] 0012 | 2026-01-14 19:36:04 | СИСТЕМА      | TRAY            | 🚪 Выход из программы через меню трея
[-] 0013 | 2026-01-14 19:36:04 | ОТКЛЮЧЕНИЕ   | СИСТЕМА         | Process Manager завершает работу
[-] 0014 | 2026-01-14 19:36:04 | ОТКЛЮЧЕНИЕ   | СИСТЕМА         | Завершение работы (Код выхода: 0, Метод: 1)
[*] 0018 | 2026-01-14 19:36:06 | КОНСОЛЬ      | Autoit_Error    | AUTO выключен пользователем
[*] 0019 | 2026-01-14 19:36:06 | КОНСОЛЬ      | Autoit_Error    | Обновление кнопок: AUTO=0
[*] 0020 | 2026-01-14 19:36:06 | КОНСОЛЬ      | Autoit_Error    | AUTO кнопка: серая с фиолетовым текстом
[*] 0021 | 2026-01-14 19:36:06 | КОНСОЛЬ      | Autoit_Error    | STOP кнопка: серая (неактивна)
[-] 0022 | 2026-01-14 19:36:06 | ОТКЛЮЧЕНИЕ   | Autoit_Error    | Остановлено процессов: 1 (00_AutoitError.exe)
[~] 0023 | 2026-01-14 19:36:07 | ИЗМЕНЕНИЕ    | Autoit_Error    | Статус изменен: Runned → Stopped (процесс остановлен)
[#] 0024 | 2026-01-14 19:36:09 | СИСТЕМА      | TRAY            | 🚪 Выход из программы через меню трея
[-] 0025 | 2026-01-14 19:36:09 | ОТКЛЮЧЕНИЕ   | СИСТЕМА         | Process Manager завершает работу
[-] 0026 | 2026-01-14 19:36:09 | ОТКЛЮЧЕНИЕ   | СИСТЕМА         | Завершение работы (Код выхода: 0, Метод: 1)
[#] 0001 | 2026-01-14 19:36:39 | СИСТЕМА      | THREAD          | Запущен фоновый процесс
[+] 0002 | 2026-01-14 19:36:39 | ВКЛЮЧЕНИЕ    | СИСТЕМА         | Process Manager запущен
[#] 0003 | 2026-01-14 19:36:41 | СИСТЕМА      | TRAY            | ✅ Иконка трея инициализирована
[#] 0004 | 2026-01-14 19:36:42 | СИСТЕМА      | HOTKEY          | ✅ F2 и F5 успешно перехвачены на попытке 1
[#] 0005 | 2026-01-14 19:37:57 | СИСТЕМА      | TRAY            | 🚪 Выход из программы через меню трея
[-] 0006 | 2026-01-14 19:37:57 | ОТКЛЮЧЕНИЕ   | СИСТЕМА         | Process Manager завершает работу
[-] 0007 | 2026-01-14 19:37:57 | ОТКЛЮЧЕНИЕ   | СИСТЕМА         | Завершение работы (Код выхода: 0, Метод: 1)
[+] 0008 | 2026-01-14 20:02:23 | ВКЛЮЧЕНИЕ    | СИСТЕМА         | Process Manager запущен
[#] 0009 | 2026-01-14 20:02:24 | СИСТЕМА      | TRAY            | ✅ Иконка трея инициализирована
[#] 0010 | 2026-01-14 20:02:25 | СИСТЕМА      | HOTKEY          | ✅ F2 и F5 успешно перехвачены на попытке 1
[-] 0011 | 2026-01-14 20:03:29 | ОТКЛЮЧЕНИЕ   | СИСТЕМА         | Завершение работы (Код выхода: 0, Метод: 0)
[+] 0012 | 2026-01-14 20:03:56 | ВКЛЮЧЕНИЕ    | СИСТЕМА         | Process Manager запущен
[#] 0013 | 2026-01-14 20:03:57 | СИСТЕМА      | TRAY            | ✅ Иконка трея инициализирована
[#] 0014 | 2026-01-14 20:03:58 | СИСТЕМА      | HOTKEY          | ✅ F2 и F5 успешно перехвачены на попытке 1
[+] 0015 | 2026-01-14 20:05:23 | ВКЛЮЧЕНИЕ    | СИСТЕМА         | Process Manager запущен
[#] 0016 | 2026-01-14 20:05:24 | СИСТЕМА      | TRAY            | ✅ Иконка трея инициализирована
[#] 0017 | 2026-01-14 20:05:28 | СИСТЕМА      | HOTKEY          | ⚠️ F2 F5 всё еще занят старым процессом... Попытка 3/10
[#] 0018 | 2026-01-14 20:05:31 | СИСТЕМА      | HOTKEY          | ⚠️ F2 F5 всё еще занят старым процессом... Попытка 6/10
[#] 0019 | 2026-01-14 20:05:34 | СИСТЕМА      | HOTKEY          | ⚠️ F2 F5 всё еще занят старым процессом... Попытка 9/10
[!] 0020 | 2026-01-14 20:05:35 | ОШИБКА       | HOTKEY          | ❌ Не удалось занять F2 F5 за 10 попыток (10 секунд). Самоотключение.
[+] 0021 | 2026-01-14 20:05:57 | ВКЛЮЧЕНИЕ    | СИСТЕМА         | Process Manager запущен
[#] 0022 | 2026-01-14 20:05:58 | СИСТЕМА      | TRAY            | ✅ Иконка трея инициализирована
[#] 0023 | 2026-01-14 20:06:02 | СИСТЕМА      | HOTKEY          | ⚠️ F2 F5 всё еще занят старым процессом... Попытка 3/10
[#] 0024 | 2026-01-14 20:06:05 | СИСТЕМА      | HOTKEY          | ⚠️ F2 F5 всё еще занят старым процессом... Попытка 6/10
[-] 0015 | 2026-01-14 20:06:06 | ОТКЛЮЧЕНИЕ   | СИСТЕМА         | Завершение работы (Код выхода: 0, Метод: 0)
[#] 0025 | 2026-01-14 20:06:07 | СИСТЕМА      | HOTKEY          | ✅ F2 и F5 успешно перехвачены на попытке 8
[+] 0026 | 2026-01-14 20:06:20 | ВКЛЮЧЕНИЕ    | СИСТЕМА         | Process Manager запущен
[#] 0027 | 2026-01-14 20:06:22 | СИСТЕМА      | TRAY            | ✅ Иконка трея инициализирована
[#] 0028 | 2026-01-14 20:06:25 | СИСТЕМА      | HOTKEY          | ⚠️ F2 F5 всё еще занят старым процессом... Попытка 3/10
[#] 0029 | 2026-01-14 20:06:28 | СИСТЕМА      | HOTKEY          | ⚠️ F2 F5 всё еще занят старым процессом... Попытка 6/10
[#] 0030 | 2026-01-14 20:06:31 | СИСТЕМА      | HOTKEY          | ⚠️ F2 F5 всё еще занят старым процессом... Попытка 9/10
[!] 0031 | 2026-01-14 20:06:32 | ОШИБКА       | HOTKEY          | ❌ Не удалось занять F2 F5 за 10 попыток (10 секунд). Самоотключение.
[-] 0021 | 2026-01-14 20:06:40 | ОТКЛЮЧЕНИЕ   | СИСТЕМА         | Завершение работы (Код выхода: 0, Метод: 0)
[-] 0026 | 2026-01-14 20:06:51 | ОТКЛЮЧЕНИЕ   | СИСТЕМА         | Завершение работы (Код выхода: 0, Метод: 0)
[#] 0032 | 2026-01-14 20:07:00 | СИСТЕМА      | TRAY            | 🚪 Выход из программы через меню трея
[-] 0033 | 2026-01-14 20:07:00 | ОТКЛЮЧЕНИЕ   | СИСТЕМА         | Process Manager завершает работу
[-] 0034 | 2026-01-14 20:07:00 | ОТКЛЮЧЕНИЕ   | СИСТЕМА         | Завершение работы (Код выхода: 0, Метод: 1)
[+] 0035 | 2026-01-14 20:07:05 | ВКЛЮЧЕНИЕ    | СИСТЕМА         | Process Manager запущен
[#] 0036 | 2026-01-14 20:07:07 | СИСТЕМА      | TRAY            | ✅ Иконка трея инициализирована
[#] 0037 | 2026-01-14 20:07:08 | СИСТЕМА      | HOTKEY          | ✅ F2 и F5 успешно перехвачены на попытке 1
[-] 0038 | 2026-01-14 20:08:30 | ОТКЛЮЧЕНИЕ   | СИСТЕМА         | Завершение работы (Код выхода: 0, Метод: 0)
[+] 0039 | 2026-01-14 20:20:29 | ВКЛЮЧЕНИЕ    | СИСТЕМА         | Process Manager запущен
[#] 0040 | 2026-01-14 20:20:30 | СИСТЕМА      | TRAY            | ✅ Иконка трея инициализирована
[#] 0041 | 2026-01-14 20:20:31 | СИСТЕМА      | HOTKEY          | ✅ F2 и F5 успешно перехвачены на попытке 1
[*] 0042 | 2026-01-14 20:20:35 | КОНСОЛЬ      | 43243           | 🗑️ Процесс удален из системы: C:\Users\Administrator\Desktop\Запускатр_лог\test.exe
[*] 0043 | 2026-01-14 20:20:52 | КОНСОЛЬ      | test01          | AUTO включен пользователем
[*] 0044 | 2026-01-14 20:20:52 | КОНСОЛЬ      | test01          | Обновление кнопок: AUTO=1
[*] 0045 | 2026-01-14 20:20:52 | КОНСОЛЬ      | test01          | AUTO кнопка: фиолетовая с белым текстом
[*] 0046 | 2026-01-14 20:20:52 | КОНСОЛЬ      | test01          | STOP кнопка: красная с белым текстом (активна)
[*] 0047 | 2026-01-14 20:20:54 | КОНСОЛЬ      | test01          | ✅ Процесс запущен через Run() (PID: 15056, попытка: 1)
[+] 0048 | 2026-01-14 20:20:54 | ВКЛЮЧЕНИЕ    | test01          | Процесс запущен: C:\Users\Administrator\Desktop\Запускатр_лог\test.exe
[~] 0049 | 2026-01-14 20:20:54 | ИЗМЕНЕНИЕ    | test01          | Статус изменен: Stopped → Runned (процесс запущен)
[~] 0050 | 2026-01-14 20:20:54 | ИЗМЕНЕНИЕ    | авыаывавы       | Статус изменен: Stopped → Runned (процесс запущен)
[*] 0051 | 2026-01-14 20:20:58 | КОНСОЛЬ      | авыаывавы       | 🗑️ Процесс удален из системы: C:\Users\Administrator\Desktop\Запускатр_лог\test.exe
[~] 0052 | 2026-01-14 20:21:09 | ИЗМЕНЕНИЕ    | test01          | Статус изменен: Runned → Stopped (процесс остановлен)
[*] 0053 | 2026-01-14 20:21:10 | КОНСОЛЬ      | test01          | ✅ Процесс запущен через Run() (PID: 18876, попытка: 1)
[+] 0054 | 2026-01-14 20:21:10 | ВКЛЮЧЕНИЕ    | test01          | Процесс запущен: C:\Users\Administrator\Desktop\Запускатр_лог\test.exe
[~] 0055 | 2026-01-14 20:21:10 | ИЗМЕНЕНИЕ    | test01          | Статус изменен: Stopped → Runned (процесс запущен)
[*] 0056 | 2026-01-14 20:21:14 | КОНСОЛЬ      | test01          | AUTO выключен пользователем
[*] 0057 | 2026-01-14 20:21:14 | КОНСОЛЬ      | test01          | Обновление кнопок: AUTO=0
[*] 0058 | 2026-01-14 20:21:14 | КОНСОЛЬ      | test01          | AUTO кнопка: серая с фиолетовым текстом
[*] 0059 | 2026-01-14 20:21:14 | КОНСОЛЬ      | test01          | STOP кнопка: серая (неактивна)
[-] 0060 | 2026-01-14 20:21:15 | ОТКЛЮЧЕНИЕ   | test01          | Остановлено процессов: 1 (test.exe)
[~] 0061 | 2026-01-14 20:21:15 | ИЗМЕНЕНИЕ    | test01          | Статус изменен: Runned → Stopped (процесс остановлен)
[#] 0062 | 2026-01-14 20:21:19 | СИСТЕМА      | TRAY            | 🚪 Выход из программы через меню трея
[-] 0063 | 2026-01-14 20:21:19 | ОТКЛЮЧЕНИЕ   | СИСТЕМА         | Process Manager завершает работу
[-] 0064 | 2026-01-14 20:21:19 | ОТКЛЮЧЕНИЕ   | СИСТЕМА         | Завершение работы (Код выхода: 0, Метод: 1)
[+] 0065 | 2026-01-14 20:24:53 | ВКЛЮЧЕНИЕ    | СИСТЕМА         | Process Manager запущен
[#] 0066 | 2026-01-14 20:24:54 | СИСТЕМА      | TRAY            | ✅ Иконка трея инициализирована
[#] 0067 | 2026-01-14 20:24:55 | СИСТЕМА      | HOTKEY          | ✅ F2 и F5 успешно перехвачены на попытке 1
[*] 0068 | 2026-01-14 20:25:24 | КОНСОЛЬ      | test01          | AUTO включен пользователем
[*] 0069 | 2026-01-14 20:25:24 | КОНСОЛЬ      | test01          | Обновление кнопок: AUTO=1
[*] 0070 | 2026-01-14 20:25:24 | КОНСОЛЬ      | test01          | AUTO кнопка: фиолетовая с белым текстом
[*] 0071 | 2026-01-14 20:25:24 | КОНСОЛЬ      | test01          | STOP кнопка: красная с белым текстом (активна)
[*] 0072 | 2026-01-14 20:25:25 | КОНСОЛЬ      | test01          | ✅ Процесс запущен через Run() (PID: 18644, попытка: 1)
[+] 0073 | 2026-01-14 20:25:25 | ВКЛЮЧЕНИЕ    | test01          | Процесс запущен: C:\Users\Administrator\Desktop\Запускатр_лог\test.exe
[~] 0074 | 2026-01-14 20:25:25 | ИЗМЕНЕНИЕ    | test01          | Статус изменен: Stopped → Runned (процесс запущен)
[~] 0075 | 2026-01-14 20:25:41 | ИЗМЕНЕНИЕ    | test01          | Статус изменен: Runned → Stopped (процесс остановлен)
[*] 0076 | 2026-01-14 20:25:42 | КОНСОЛЬ      | test01          | ✅ Процесс запущен через Run() (PID: 2820, попытка: 1)
[+] 0077 | 2026-01-14 20:25:42 | ВКЛЮЧЕНИЕ    | test01          | Процесс запущен: C:\Users\Administrator\Desktop\Запускатр_лог\test.exe
[~] 0078 | 2026-01-14 20:25:42 | ИЗМЕНЕНИЕ    | test01          | Статус изменен: Stopped → Runned (процесс запущен)
[*] 0079 | 2026-01-14 20:25:45 | КОНСОЛЬ      | екуекуеку       | 🗑️ Процесс удален из системы: C:\Users\Administrator\Desktop\Запускатр_лог\test3.exe
[~] 0080 | 2026-01-14 20:26:00 | ИЗМЕНЕНИЕ    | test01          | Статус изменен: Runned → Stopped (процесс остановлен)
[*] 0081 | 2026-01-14 20:26:01 | КОНСОЛЬ      | test01          | ✅ Процесс запущен через Run() (PID: 15412, попытка: 1)
[+] 0082 | 2026-01-14 20:26:01 | ВКЛЮЧЕНИЕ    | test01          | Процесс запущен: C:\Users\Administrator\Desktop\Запускатр_лог\test.exe
[~] 0083 | 2026-01-14 20:26:01 | ИЗМЕНЕНИЕ    | test01          | Статус изменен: Stopped → Runned (процесс запущен)
[*] 0084 | 2026-01-14 20:26:10 | КОНСОЛЬ      | rerw            | ✅ Процесс добавлен в систему: C:\Users\Administrator\Desktop\Запускатр_лог\test.exe
[~] 0085 | 2026-01-14 20:26:11 | ИЗМЕНЕНИЕ    | rerw            | Статус изменен: Stop → Runned (процесс запущен)
[~] 0086 | 2026-01-14 20:26:20 | ИЗМЕНЕНИЕ    | test01          | Статус изменен: Runned → Stopped (процесс остановлен)
[~] 0087 | 2026-01-14 20:26:20 | ИЗМЕНЕНИЕ    | rerw            | Статус изменен: Runned → Stopped (процесс остановлен)
[*] 0088 | 2026-01-14 20:26:21 | КОНСОЛЬ      | test01          | ✅ Процесс запущен через Run() (PID: 18580, попытка: 1)
[+] 0089 | 2026-01-14 20:26:21 | ВКЛЮЧЕНИЕ    | test01          | Процесс запущен: C:\Users\Administrator\Desktop\Запускатр_лог\test.exe
[*] 0090 | 2026-01-14 20:26:21 | КОНСОЛЬ      | test01          | AUTO выключен пользователем
[*] 0091 | 2026-01-14 20:26:21 | КОНСОЛЬ      | test01          | Обновление кнопок: AUTO=0
[*] 0092 | 2026-01-14 20:26:21 | КОНСОЛЬ      | test01          | AUTO кнопка: серая с фиолетовым текстом
[*] 0093 | 2026-01-14 20:26:21 | КОНСОЛЬ      | test01          | STOP кнопка: серая (неактивна)
[~] 0094 | 2026-01-14 20:26:21 | ИЗМЕНЕНИЕ    | test01          | Статус изменен: Stopped → Runned (процесс запущен)
[~] 0095 | 2026-01-14 20:26:21 | ИЗМЕНЕНИЕ    | rerw            | Статус изменен: Stopped → Runned (процесс запущен)
[-] 0096 | 2026-01-14 20:26:25 | ОТКЛЮЧЕНИЕ   | test01          | Остановлено процессов: 1 (test.exe)
[~] 0097 | 2026-01-14 20:26:26 | ИЗМЕНЕНИЕ    | test01          | Статус изменен: Runned → Stopped (процесс остановлен)
[~] 0098 | 2026-01-14 20:26:26 | ИЗМЕНЕНИЕ    | rerw            | Статус изменен: Runned → Stopped (процесс остановлен)
[#] 0099 | 2026-01-14 20:26:50 | СИСТЕМА      | TRAY            | 🚪 Выход из программы через меню трея
[-] 0100 | 2026-01-14 20:26:50 | ОТКЛЮЧЕНИЕ   | СИСТЕМА         | Process Manager завершает работу
[-] 0101 | 2026-01-14 20:26:50 | ОТКЛЮЧЕНИЕ   | СИСТЕМА         | Завершение работы (Код выхода: 0, Метод: 1)
[+] 0102 | 2026-01-14 20:28:27 | ВКЛЮЧЕНИЕ    | СИСТЕМА         | Process Manager запущен
[#] 0103 | 2026-01-14 20:28:28 | СИСТЕМА      | TRAY            | ✅ Иконка трея инициализирована
[#] 0104 | 2026-01-14 20:28:29 | СИСТЕМА      | HOTKEY          | ✅ F2 и F5 успешно перехвачены на попытке 1
[*] 0105 | 2026-01-14 20:28:31 | КОНСОЛЬ      | rerw            | 🗑️ Процесс удален из системы: C:\Users\Administrator\Desktop\Запускатр_лог\test.exe
[*] 0106 | 2026-01-14 20:28:48 | КОНСОЛЬ      | Autoit_Error    | AUTO включен пользователем
[*] 0107 | 2026-01-14 20:28:48 | КОНСОЛЬ      | Autoit_Error    | Обновление кнопок: AUTO=1
[*] 0108 | 2026-01-14 20:28:48 | КОНСОЛЬ      | Autoit_Error    | AUTO кнопка: фиолетовая с белым текстом
[*] 0109 | 2026-01-14 20:28:48 | КОНСОЛЬ      | Autoit_Error    | STOP кнопка: красная с белым текстом (активна)
[*] 0110 | 2026-01-14 20:28:48 | КОНСОЛЬ      | Autoit_Error    | ✅ Процесс запущен через Run() (PID: 6600, попытка: 1)
[+] 0111 | 2026-01-14 20:28:48 | ВКЛЮЧЕНИЕ    | Autoit_Error    | Процесс запущен: C:\Users\Administrator\Desktop\Запускатр_лог\00_AutoitError.exe
[~] 0112 | 2026-01-14 20:28:48 | ИЗМЕНЕНИЕ    | Autoit_Error    | Статус изменен: Stopped → Runned (процесс запущен)
[*] 0113 | 2026-01-14 20:30:00 | КОНСОЛЬ      | TRAY            | ❌ Выход отменен пользователем
[*] 0114 | 2026-01-14 20:33:24 | КОНСОЛЬ      | Autoit_Error    | AUTO выключен пользователем
[*] 0115 | 2026-01-14 20:33:24 | КОНСОЛЬ      | Autoit_Error    | Обновление кнопок: AUTO=0
[*] 0116 | 2026-01-14 20:33:24 | КОНСОЛЬ      | Autoit_Error    | AUTO кнопка: серая с фиолетовым текстом
[*] 0117 | 2026-01-14 20:33:24 | КОНСОЛЬ      | Autoit_Error    | STOP кнопка: серая (неактивна)
[-] 0118 | 2026-01-14 20:33:25 | ОТКЛЮЧЕНИЕ   | Autoit_Error    | Остановлено процессов: 1 (00_AutoitError.exe)
[~] 0119 | 2026-01-14 20:33:25 | ИЗМЕНЕНИЕ    | Autoit_Error    | Статус изменен: Runned → Stopped (процесс остановлен)
[#] 0120 | 2026-01-14 20:33:28 | СИСТЕМА      | TRAY            | 🚪 Выход из программы через меню трея
[-] 0121 | 2026-01-14 20:33:28 | ОТКЛЮЧЕНИЕ   | СИСТЕМА         | Process Manager завершает работу
[-] 0122 | 2026-01-14 20:33:28 | ОТКЛЮЧЕНИЕ   | СИСТЕМА         | Завершение работы (Код выхода: 0, Метод: 1)
[+] 0123 | 2026-01-14 20:33:52 | ВКЛЮЧЕНИЕ    | СИСТЕМА         | Process Manager запущен
[#] 0124 | 2026-01-14 20:33:53 | СИСТЕМА      | TRAY            | ✅ Иконка трея инициализирована
[#] 0125 | 2026-01-14 20:33:55 | СИСТЕМА      | HOTKEY          | ✅ F2 и F5 успешно перехвачены на попытке 1
[*] 0126 | 2026-01-14 20:34:06 | КОНСОЛЬ      | Autoit_Error    | AUTO включен пользователем
[*] 0127 | 2026-01-14 20:34:06 | КОНСОЛЬ      | Autoit_Error    | Обновление кнопок: AUTO=1
[*] 0128 | 2026-01-14 20:34:06 | КОНСОЛЬ      | Autoit_Error    | AUTO кнопка: фиолетовая с белым текстом
[*] 0129 | 2026-01-14 20:34:06 | КОНСОЛЬ      | Autoit_Error    | STOP кнопка: красная с белым текстом (активна)
[*] 0130 | 2026-01-14 20:34:07 | КОНСОЛЬ      | Autoit_Error    | ✅ Процесс запущен через Run() (PID: 17336, попытка: 1)
[+] 0131 | 2026-01-14 20:34:07 | ВКЛЮЧЕНИЕ    | Autoit_Error    | Процесс запущен: C:\Users\Administrator\Desktop\Запускатр_лог\00_AutoitError.exe
[~] 0132 | 2026-01-14 20:34:08 | ИЗМЕНЕНИЕ    | Autoit_Error    | Статус изменен: Stopped → Runned (процесс запущен)
[#] 0133 | 2026-01-14 20:35:03 | СИСТЕМА      | TRAY            | 🚪 Выход из программы через меню трея
[-] 0134 | 2026-01-14 20:35:03 | ОТКЛЮЧЕНИЕ   | СИСТЕМА         | Process Manager завершает работу
[-] 0135 | 2026-01-14 20:35:03 | ОТКЛЮЧЕНИЕ   | СИСТЕМА         | Завершение работы (Код выхода: 0, Метод: 1)
[+] 0136 | 2026-01-14 20:35:04 | ВКЛЮЧЕНИЕ    | СИСТЕМА         | Process Manager запущен
[#] 0137 | 2026-01-14 20:35:05 | СИСТЕМА      | TRAY            | ✅ Иконка трея инициализирована
[#] 0138 | 2026-01-14 20:35:06 | СИСТЕМА      | HOTKEY          | ✅ F2 и F5 успешно перехвачены на попытке 1
[*] 0139 | 2026-01-14 20:35:07 | КОНСОЛЬ      | Autoit_Error    | AUTO выключен пользователем
[*] 0140 | 2026-01-14 20:35:07 | КОНСОЛЬ      | Autoit_Error    | Обновление кнопок: AUTO=0
[*] 0141 | 2026-01-14 20:35:07 | КОНСОЛЬ      | Autoit_Error    | AUTO кнопка: серая с фиолетовым текстом
[*] 0142 | 2026-01-14 20:35:07 | КОНСОЛЬ      | Autoit_Error    | STOP кнопка: серая (неактивна)
[-] 0143 | 2026-01-14 20:35:08 | ОТКЛЮЧЕНИЕ   | Autoit_Error    | Остановлено процессов: 1 (00_AutoitError.exe)
[~] 0144 | 2026-01-14 20:35:08 | ИЗМЕНЕНИЕ    | Autoit_Error    | Статус изменен: Runned → Stopped (процесс остановлен)
[#] 0145 | 2026-01-14 20:35:14 | СИСТЕМА      | TRAY            | 🚪 Выход из программы через меню трея
[-] 0146 | 2026-01-14 20:35:14 | ОТКЛЮЧЕНИЕ   | СИСТЕМА         | Process Manager завершает работу
[-] 0147 | 2026-01-14 20:35:14 | ОТКЛЮЧЕНИЕ   | СИСТЕМА         | Завершение работы (Код выхода: 0, Метод: 1)
[+] 0148 | 2026-01-22 07:57:33 | ВКЛЮЧЕНИЕ    | СИСТЕМА         | Process Manager запущен
[#] 0149 | 2026-01-22 07:57:34 | СИСТЕМА      | TRAY            | ✅ Иконка трея инициализирована
[#] 0150 | 2026-01-22 07:57:35 | СИСТЕМА      | HOTKEY          | ✅ F2 и F5 успешно перехвачены на попытке 1
[#] 0151 | 2026-01-22 07:57:42 | СИСТЕМА      | TRAY            | 🚪 Выход из программы через меню трея
[-] 0152 | 2026-01-22 07:57:42 | ОТКЛЮЧЕНИЕ   | СИСТЕМА         | Process Manager завершает работу
[-] 0153 | 2026-01-22 07:57:42 | ОТКЛЮЧЕНИЕ   | СИСТЕМА         | Завершение работы (Код выхода: 0, Метод: 1)
[+] 0154 | 2026-03-28 13:31:35 | ВКЛЮЧЕНИЕ    | СИСТЕМА         | Process Manager запущен
[#] 0155 | 2026-03-28 13:31:36 | СИСТЕМА      | TRAY            | ✅ Иконка трея инициализирована
[#] 0156 | 2026-03-28 13:31:37 | СИСТЕМА      | HOTKEY          | ✅ F2 и F5 успешно перехвачены на попытке 1
[*] 0157 | 2026-03-28 13:31:43 | КОНСОЛЬ      | Autoit_Error    | AUTO включен пользователем
[*] 0158 | 2026-03-28 13:31:43 | КОНСОЛЬ      | Autoit_Error    | Обновление кнопок: AUTO=1
[*] 0159 | 2026-03-28 13:31:43 | КОНСОЛЬ      | Autoit_Error    | AUTO кнопка: фиолетовая с белым текстом
[*] 0160 | 2026-03-28 13:31:43 | КОНСОЛЬ      | Autoit_Error    | STOP кнопка: красная с белым текстом (активна)
[!] 0161 | 2026-03-28 13:31:43 | ОШИБКА       | Autoit_Error    | ❌ Файл не найден: C:\Users\Administrator\Desktop\Запускатр_лог\00_AutoitError.exe
[!] 0162 | 2026-03-28 13:31:43 | ОШИБКА       | Autoit_Error    | ❌ Файл не найден: C:\Users\Administrator\Desktop\Запускатр_лог\00_AutoitError.exe
[!] 0163 | 2026-03-28 13:31:44 | ОШИБКА       | Autoit_Error    | ❌ Файл не найден: C:\Users\Administrator\Desktop\Запускатр_лог\00_AutoitError.exe
[!] 0164 | 2026-03-28 13:31:44 | ОШИБКА       | Autoit_Error    | ❌ Файл не найден: C:\Users\Administrator\Desktop\Запускатр_лог\00_AutoitError.exe
[!] 0165 | 2026-03-28 13:31:45 | ОШИБКА       | Autoit_Error    | ❌ Файл не найден: C:\Users\Administrator\Desktop\Запускатр_лог\00_AutoitError.exe
[*] 0166 | 2026-03-28 13:31:45 | КОНСОЛЬ      | Autoit_Error    | AUTO выключен пользователем
[*] 0167 | 2026-03-28 13:31:45 | КОНСОЛЬ      | Autoit_Error    | Обновление кнопок: AUTO=0
[*] 0168 | 2026-03-28 13:31:45 | КОНСОЛЬ      | Autoit_Error    | AUTO кнопка: серая с фиолетовым текстом
[*] 0169 | 2026-03-28 13:31:45 | КОНСОЛЬ      | Autoit_Error    | STOP кнопка: серая (неактивна)
[*] 0170 | 2026-03-28 13:32:03 | КОНСОЛЬ      | екуукеукуке     | 🗑️ Процесс удален из системы: C:\Users\Administrator\Desktop\Запускатр_лог\test4.exe
[*] 0171 | 2026-03-28 13:32:07 | КОНСОЛЬ      | Регистратор дозировок | 🗑️ Процесс удален из системы: C:\Users\Administrator\Desktop\Запускатр_лог\test5.exe
[#] 0172 | 2026-03-28 13:32:11 | СИСТЕМА      | TRAY            | 🚪 Выход из программы через меню трея
[-] 0173 | 2026-03-28 13:32:11 | ОТКЛЮЧЕНИЕ   | СИСТЕМА         | Process Manager завершает работу
[-] 0174 | 2026-03-28 13:32:11 | ОТКЛЮЧЕНИЕ   | СИСТЕМА         | Завершение работы (Код выхода: 0, Метод: 1)
[+] 0175 | 2026-03-28 13:33:48 | ВКЛЮЧЕНИЕ    | СИСТЕМА         | Process Manager запущен
[#] 0176 | 2026-03-28 13:33:49 | СИСТЕМА      | TRAY            | ✅ Иконка трея инициализирована
[#] 0177 | 2026-03-28 13:33:50 | СИСТЕМА      | HOTKEY          | ✅ F2 и F5 успешно перехвачены на попытке 1
[*] 0178 | 2026-03-28 13:33:52 | КОНСОЛЬ      | Чтение из базы  | 🗑️ Процесс удален из системы: C:\Users\Administrator\Desktop\Запускатр_лог\test4.exe
[*] 0179 | 2026-03-28 13:33:55 | КОНСОЛЬ      | ret             | 🗑️ Процесс удален из системы: C:\Users\Administrator\Desktop\Запускатр_лог\test5.exe
[*] 0180 | 2026-03-28 13:33:58 | КОНСОЛЬ      | test6           | 🗑️ Процесс удален из системы: C:\Users\Administrator\Desktop\Запускатр_лог\test4.exe
[*] 0181 | 2026-03-28 13:34:01 | КОНСОЛЬ      | test5           | 🗑️ Процесс удален из системы: C:\Users\Administrator\Desktop\Запускатр_лог\test5.exe
[*] 0182 | 2026-03-28 13:34:03 | КОНСОЛЬ      | test4           | 🗑️ Процесс удален из системы: C:\Users\Administrator\Desktop\Запускатр_лог\test4.exe
[*] 0183 | 2026-03-28 13:34:06 | КОНСОЛЬ      | test3           | 🗑️ Процесс удален из системы: C:\Users\Administrator\Desktop\Запускатр_лог\test3.exe
[*] 0184 | 2026-03-28 13:34:08 | КОНСОЛЬ      | test2           | 🗑️ Процесс удален из системы: C:\Users\Administrator\Desktop\Запускатр_лог\test2.exe
[*] 0185 | 2026-03-28 13:34:12 | КОНСОЛЬ      | test1           | 🗑️ Процесс удален из системы: C:\Users\Administrator\Desktop\Запускатр_лог\test1.exe
[*] 0186 | 2026-03-28 13:34:14 | КОНСОЛЬ      | test01          | 🗑️ Процесс удален из системы: C:\Users\Administrator\Desktop\Запускатр_лог\test.exe
[*] 0187 | 2026-03-28 13:34:17 | КОНСОЛЬ      | Autoit_Error    | 🗑️ Процесс удален из системы: C:\Users\Administrator\Desktop\Запускатр_лог\00_AutoitError.exe
[*] 0188 | 2026-03-28 13:34:32 | КОНСОЛЬ      | TRAY            | ❌ Выход отменен пользователем
[#] 0189 | 2026-03-28 13:34:36 | СИСТЕМА      | TRAY            | 🚪 Выход из программы через меню трея
[-] 0190 | 2026-03-28 13:34:36 | ОТКЛЮЧЕНИЕ   | СИСТЕМА         | Process Manager завершает работу
[-] 0191 | 2026-03-28 13:34:36 | ОТКЛЮЧЕНИЕ   | СИСТЕМА         | Завершение работы (Код выхода: 0, Метод: 1)
