[#] 0130 | 2026-01-14 18:28:34 | СИСТЕМА      | WMI             | 🔄 Инициализация WMI Events для ProcessManager.exe (интервал: 0.1 сек)...
[+] 0131 | 2026-01-14 18:28:34 | ВКЛЮЧЕНИЕ    | WMI             | ✅ WMI служба успешно подключена
[#] 0132 | 2026-01-14 18:28:34 | СИСТЕМА      | WMI             | 🔍 Проверяем ProcessManager.exe через WMI...
[*] 0133 | 2026-01-14 18:28:34 | КОНСОЛЬ      | WMI             | ✅ ProcessManager.exe найден (1 экземпляров)
[#] 0134 | 2026-01-14 18:28:34 | СИСТЕМА      | WMI             | 📊 WMI проверка завершена
[#] 0135 | 2026-01-14 18:28:35 | СИСТЕМА      | WMI             | 📡 Инициализация WMI Events...
[+] 0136 | 2026-01-14 18:28:35 | ВКЛЮЧЕНИЕ    | WMI             | 🎯 WMI Events активированы для ProcessManager.exe
[#] 0137 | 2026-01-14 18:28:35 | СИСТЕМА      | WMI             | 🎯 WMI Events система готова к работе
[#] 0138 | 2026-01-14 18:28:35 | СИСТЕМА      | OPTIMIZATION    | 📊 Интервалы: MainLoop=100мс, WMI Events=500мс, WMI Poll=1000мс
[#] 0139 | 2026-01-14 18:28:45 | СИСТЕМА      | WMI_POLL        | 🔄 Попытка восстановления WMI Events после 10 успешных опросов...
[#] 0140 | 2026-01-14 18:28:45 | СИСТЕМА      | WMI             | 🔄 Попытка восстановления WMI Events...
[#] 0141 | 2026-01-14 18:28:45 | СИСТЕМА      | WMI             | 📡 Инициализация WMI Events...
[+] 0142 | 2026-01-14 18:28:45 | ВКЛЮЧЕНИЕ    | WMI             | 🎯 WMI Events активированы для ProcessManager.exe
[+] 0143 | 2026-01-14 18:28:45 | ВКЛЮЧЕНИЕ    | WMI             | 🎯 WMI Events успешно восстановлены из режима опроса!
[+] 0144 | 2026-01-14 18:32:56 | ВКЛЮЧЕНИЕ    | WATCHDOG        | ⚡ AutoIt Error Watchdog запущен (БЫСТРЫЙ СТАРТ)
[#] 0145 | 2026-01-14 18:32:56 | СИСТЕМА      | OPTIMIZATION    | ⚡ CPU оптимизация: WMI ОТКЛЮЧЕН, Polling режим, Sleep 100мс
[#] 0146 | 2026-01-14 18:32:56 | СИСТЕМА      | WMI_CLEANUP     | ⚡ WMI очистка: БЫСТРЫЙ режим, только завершение процессов
[#] 0147 | 2026-01-14 18:32:56 | СИСТЕМА      | WMI_CLEANUP     | ⚡ БЫСТРАЯ очистка WMI при запуске...
[#] 0148 | 2026-01-14 18:32:56 | СИСТЕМА      | WMI_CLEANUP     | ⚡ Быстрый перезапуск службы WMI...
[#] 0149 | 2026-01-14 18:32:58 | СИСТЕМА      | WMI_CLEANUP     | ✅ Служба WMI перезапущена (задержка: 1500мс)
[#] 0150 | 2026-01-14 18:32:58 | СИСТЕМА      | WMI_CLEANUP     | ✅ Быстрая очистка WMI завершена
[#] 0151 | 2026-01-14 18:32:58 | СИСТЕМА      | WMI             | 🔄 Инициализация WMI Events для ProcessManager.exe (интервал: 0.1 сек)...
[+] 0152 | 2026-01-14 18:32:58 | ВКЛЮЧЕНИЕ    | WMI             | ✅ WMI служба успешно подключена
[#] 0153 | 2026-01-14 18:32:58 | СИСТЕМА      | WMI             | 🔍 Проверяем ProcessManager.exe через WMI...
[*] 0154 | 2026-01-14 18:32:58 | КОНСОЛЬ      | WMI             | ✅ ProcessManager.exe найден (1 экземпляров)
[#] 0155 | 2026-01-14 18:32:58 | СИСТЕМА      | WMI             | 📊 WMI проверка завершена
[#] 0156 | 2026-01-14 18:32:58 | СИСТЕМА      | WMI             | 📡 Инициализация WMI Events...
[+] 0157 | 2026-01-14 18:32:59 | ВКЛЮЧЕНИЕ    | WMI             | 🎯 WMI Events активированы для ProcessManager.exe
[#] 0158 | 2026-01-14 18:32:59 | СИСТЕМА      | WMI             | 🎯 WMI Events система готова к работе
[#] 0159 | 2026-01-14 18:32:59 | СИСТЕМА      | OPTIMIZATION    | 📊 Интервалы: MainLoop=100мс, WMI Events=500мс, WMI Poll=1000мс
[#] 0160 | 2026-01-14 18:33:09 | СИСТЕМА      | WMI_POLL        | 🔄 Попытка восстановления WMI Events после 10 успешных опросов...
[#] 0161 | 2026-01-14 18:33:09 | СИСТЕМА      | WMI             | 🔄 Попытка восстановления WMI Events...
[#] 0162 | 2026-01-14 18:33:09 | СИСТЕМА      | WMI             | 📡 Инициализация WMI Events...
[+] 0163 | 2026-01-14 18:33:09 | ВКЛЮЧЕНИЕ    | WMI             | 🎯 WMI Events активированы для ProcessManager.exe
[+] 0164 | 2026-01-14 18:33:09 | ВКЛЮЧЕНИЕ    | WMI             | 🎯 WMI Events успешно восстановлены из режима опроса!
[+] 0165 | 2026-01-14 18:39:58 | ВКЛЮЧЕНИЕ    | WATCHDOG        | ⚡ AutoIt Error Watchdog запущен (БЫСТРЫЙ СТАРТ)
[#] 0166 | 2026-01-14 18:39:58 | СИСТЕМА      | OPTIMIZATION    | ⚡ CPU оптимизация: WMI ОТКЛЮЧЕН, Polling режим, Sleep 100мс
[#] 0167 | 2026-01-14 18:39:58 | СИСТЕМА      | WMI_CLEANUP     | ⚡ WMI очистка: БЫСТРЫЙ режим, только завершение процессов
[#] 0168 | 2026-01-14 18:39:58 | СИСТЕМА      | WMI_CLEANUP     | ⚡ БЫСТРАЯ очистка WMI при запуске...
[#] 0169 | 2026-01-14 18:39:58 | СИСТЕМА      | WMI_CLEANUP     | ⚡ Быстрый перезапуск службы WMI...
[#] 0170 | 2026-01-14 18:40:00 | СИСТЕМА      | WMI_CLEANUP     | ✅ Служба WMI перезапущена (задержка: 1500мс)
[#] 0171 | 2026-01-14 18:40:00 | СИСТЕМА      | WMI_CLEANUP     | ✅ Быстрая очистка WMI завершена
[#] 0172 | 2026-01-14 18:40:00 | СИСТЕМА      | WMI             | 🔄 Инициализация WMI Events для ProcessManager.exe (интервал: 0.1 сек)...
[+] 0173 | 2026-01-14 18:40:01 | ВКЛЮЧЕНИЕ    | WMI             | ✅ WMI служба успешно подключена
[#] 0174 | 2026-01-14 18:40:01 | СИСТЕМА      | WMI             | 🔍 Проверяем ProcessManager.exe через WMI...
[*] 0175 | 2026-01-14 18:40:01 | КОНСОЛЬ      | WMI             | ✅ ProcessManager.exe найден (1 экземпляров)
[#] 0176 | 2026-01-14 18:40:01 | СИСТЕМА      | WMI             | 📊 WMI проверка завершена
[#] 0177 | 2026-01-14 18:40:01 | СИСТЕМА      | WMI             | 📡 Инициализация WMI Events...
[+] 0178 | 2026-01-14 18:40:01 | ВКЛЮЧЕНИЕ    | WMI             | 🎯 WMI Events активированы для ProcessManager.exe
[#] 0179 | 2026-01-14 18:40:01 | СИСТЕМА      | WMI             | 🎯 WMI Events система готова к работе
[#] 0180 | 2026-01-14 18:40:01 | СИСТЕМА      | OPTIMIZATION    | 📊 Интервалы: MainLoop=100мс, WMI Events=500мс, WMI Poll=1000мс
[#] 0181 | 2026-01-14 18:40:11 | СИСТЕМА      | WMI_POLL        | 🔄 Попытка восстановления WMI Events после 10 успешных опросов...
[#] 0182 | 2026-01-14 18:40:11 | СИСТЕМА      | WMI             | 🔄 Попытка восстановления WMI Events...
[#] 0183 | 2026-01-14 18:40:11 | СИСТЕМА      | WMI             | 📡 Инициализация WMI Events...
[+] 0184 | 2026-01-14 18:40:11 | ВКЛЮЧЕНИЕ    | WMI             | 🎯 WMI Events активированы для ProcessManager.exe
[+] 0185 | 2026-01-14 18:40:11 | ВКЛЮЧЕНИЕ    | WMI             | 🎯 WMI Events успешно восстановлены из режима опроса!
[~] 0186 | 2026-01-14 18:41:43 | ИЗМЕНЕНИЕ    | WMI_EVENT       | 💥 Обнаружено завершение: ProcessManager.exe (PID: 18036, ExitCode: -1)
[#] 0187 | 2026-01-14 18:41:43 | СИСТЕМА      | WMI_EVENT       | 🚀 Перезапуск ProcessManager.exe через WMI Events
[+] 0188 | 2026-01-14 18:41:43 | ВКЛЮЧЕНИЕ    | WMI_EVENT       | ✅ ProcessManager.exe запущен: C:\Users\Administrator\Desktop\Запускатр_лог\ProcessManager.exe
[+] 0189 | 2026-01-14 18:57:36 | ВКЛЮЧЕНИЕ    | WATCHDOG        | ⚡ AutoIt Error Watchdog запущен (БЫСТРЫЙ СТАРТ)
[#] 0190 | 2026-01-14 18:57:36 | СИСТЕМА      | OPTIMIZATION    | ⚡ CPU оптимизация: WMI ОТКЛЮЧЕН, Polling режим, Sleep 100мс
[#] 0191 | 2026-01-14 18:57:36 | СИСТЕМА      | WMI_CLEANUP     | ⚡ WMI очистка: БЫСТРЫЙ режим, только завершение процессов
[#] 0192 | 2026-01-14 18:57:36 | СИСТЕМА      | WMI_CLEANUP     | ⚡ БЫСТРАЯ очистка WMI при запуске...
[#] 0193 | 2026-01-14 18:57:36 | СИСТЕМА      | WMI_CLEANUP     | ⚡ Быстрый перезапуск службы WMI...
[#] 0194 | 2026-01-14 18:57:38 | СИСТЕМА      | WMI_CLEANUP     | ✅ Служба WMI перезапущена (задержка: 1500мс)
[#] 0195 | 2026-01-14 18:57:38 | СИСТЕМА      | WMI_CLEANUP     | ✅ Быстрая очистка WMI завершена
[#] 0196 | 2026-01-14 18:57:38 | СИСТЕМА      | WMI             | 🔄 Инициализация WMI Events для ProcessManager.exe (интервал: 0.1 сек)...
[+] 0197 | 2026-01-14 18:57:38 | ВКЛЮЧЕНИЕ    | WMI             | ✅ WMI служба успешно подключена
[#] 0198 | 2026-01-14 18:57:38 | СИСТЕМА      | WMI             | 🔍 Проверяем ProcessManager.exe через WMI...
[*] 0199 | 2026-01-14 18:57:38 | КОНСОЛЬ      | WMI             | ✅ ProcessManager.exe найден (1 экземпляров)
[#] 0200 | 2026-01-14 18:57:38 | СИСТЕМА      | WMI             | 📊 WMI проверка завершена
[#] 0201 | 2026-01-14 18:57:38 | СИСТЕМА      | WMI             | 📡 Инициализация WMI Events...
[+] 0202 | 2026-01-14 18:57:38 | ВКЛЮЧЕНИЕ    | WMI             | 🎯 WMI Events активированы для ProcessManager.exe
[#] 0203 | 2026-01-14 18:57:38 | СИСТЕМА      | WMI             | 🎯 WMI Events система готова к работе
[#] 0204 | 2026-01-14 18:57:38 | СИСТЕМА      | OPTIMIZATION    | 📊 Интервалы: MainLoop=100мс, WMI Events=500мс, WMI Poll=1000мс
[#] 0205 | 2026-01-14 18:57:49 | СИСТЕМА      | WMI_POLL        | 🔄 Попытка восстановления WMI Events после 10 успешных опросов...
[#] 0206 | 2026-01-14 18:57:49 | СИСТЕМА      | WMI             | 🔄 Попытка восстановления WMI Events...
[#] 0207 | 2026-01-14 18:57:49 | СИСТЕМА      | WMI             | 📡 Инициализация WMI Events...
[+] 0208 | 2026-01-14 18:57:49 | ВКЛЮЧЕНИЕ    | WMI             | 🎯 WMI Events активированы для ProcessManager.exe
[+] 0209 | 2026-01-14 18:57:49 | ВКЛЮЧЕНИЕ    | WMI             | 🎯 WMI Events успешно восстановлены из режима опроса!
[#] 0210 | 2026-01-14 18:58:12 | СИСТЕМА      | PROCESSEXISTS   | ⚠️ РЕЗЕРВНАЯ СИСТЕМА: ProcessManager не найден в последние 3 сек, запускаем: ProcessManager.exe
[+] 0211 | 2026-01-14 18:58:12 | ВКЛЮЧЕНИЕ    | PROCESSEXISTS   | ✅ ProcessManager.exe запущен: C:\Users\Administrator\Desktop\Запускатр_лог\ProcessManager.exe
[~] 0212 | 2026-01-14 18:58:13 | ИЗМЕНЕНИЕ    | WMI_EVENT       | 💥 Обнаружено завершение: ProcessManager.exe (PID: 1264, ExitCode: -1)
[#] 0213 | 2026-01-14 18:58:13 | СИСТЕМА      | WMI_EVENT       | 🚀 Перезапуск ProcessManager.exe через WMI Events
[*] 0214 | 2026-01-14 18:58:13 | КОНСОЛЬ      | WMI_EVENT       | 🛡️ ProcessManager.exe уже существует, запуск отменен
[+] 0215 | 2026-01-14 19:03:50 | ВКЛЮЧЕНИЕ    | WATCHDOG        | ⚡ AutoIt Error Watchdog запущен (БЫСТРЫЙ СТАРТ)
[#] 0216 | 2026-01-14 19:03:50 | СИСТЕМА      | OPTIMIZATION    | ⚡ CPU оптимизация: WMI ОТКЛЮЧЕН, Polling режим, Sleep 100мс
[#] 0217 | 2026-01-14 19:03:50 | СИСТЕМА      | WMI_CLEANUP     | ⚡ WMI очистка: БЫСТРЫЙ режим, только завершение процессов
[#] 0218 | 2026-01-14 19:03:50 | СИСТЕМА      | WMI_CLEANUP     | ⚡ БЫСТРАЯ очистка WMI при запуске...
[#] 0219 | 2026-01-14 19:03:50 | СИСТЕМА      | WMI_CLEANUP     | ⚡ Быстрый перезапуск службы WMI...
[#] 0220 | 2026-01-14 19:03:52 | СИСТЕМА      | WMI_CLEANUP     | ✅ Служба WMI перезапущена (задержка: 1500мс)
[#] 0221 | 2026-01-14 19:03:52 | СИСТЕМА      | WMI_CLEANUP     | ✅ Быстрая очистка WMI завершена
[#] 0222 | 2026-01-14 19:03:52 | СИСТЕМА      | WMI             | 🔄 Инициализация WMI Events для ProcessManager.exe (интервал: 0.1 сек)...
[+] 0223 | 2026-01-14 19:03:53 | ВКЛЮЧЕНИЕ    | WMI             | ✅ WMI служба успешно подключена
[#] 0224 | 2026-01-14 19:03:53 | СИСТЕМА      | WMI             | 🔍 Проверяем ProcessManager.exe через WMI...
[*] 0225 | 2026-01-14 19:03:53 | КОНСОЛЬ      | WMI             | ✅ ProcessManager.exe найден (1 экземпляров)
[#] 0226 | 2026-01-14 19:03:53 | СИСТЕМА      | WMI             | 📊 WMI проверка завершена
[#] 0227 | 2026-01-14 19:03:53 | СИСТЕМА      | WMI             | 📡 Инициализация WMI Events...
[+] 0228 | 2026-01-14 19:03:53 | ВКЛЮЧЕНИЕ    | WMI             | 🎯 WMI Events активированы для ProcessManager.exe
[#] 0229 | 2026-01-14 19:03:53 | СИСТЕМА      | WMI             | 🎯 WMI Events система готова к работе
[#] 0230 | 2026-01-14 19:03:53 | СИСТЕМА      | OPTIMIZATION    | 📊 Интервалы: MainLoop=100мс, WMI Events=500мс, WMI Poll=1000мс
[#] 0231 | 2026-01-14 19:04:03 | СИСТЕМА      | WMI_POLL        | 🔄 Попытка восстановления WMI Events после 10 успешных опросов...
[#] 0232 | 2026-01-14 19:04:03 | СИСТЕМА      | WMI             | 🔄 Попытка восстановления WMI Events...
[#] 0233 | 2026-01-14 19:04:03 | СИСТЕМА      | WMI             | 📡 Инициализация WMI Events...
[+] 0234 | 2026-01-14 19:04:03 | ВКЛЮЧЕНИЕ    | WMI             | 🎯 WMI Events активированы для ProcessManager.exe
[+] 0235 | 2026-01-14 19:04:03 | ВКЛЮЧЕНИЕ    | WMI             | 🎯 WMI Events успешно восстановлены из режима опроса!
[#] 0236 | 2026-01-14 19:04:08 | СИСТЕМА      | DUPLICATES      | 🔍 Найдено дубликатов ProcessManager.exe: 2
[*] 0237 | 2026-01-14 19:04:08 | КОНСОЛЬ      | DUPLICATES      | 🎯 Определен самый новый процесс PID: 10620
[*] 0238 | 2026-01-14 19:04:08 | КОНСОЛЬ      | DUPLICATES      | ✅ Оставляем НОВЫЙ ProcessManager.exe PID: 10620
[-] 0239 | 2026-01-14 19:04:08 | ОТКЛЮЧЕНИЕ   | DUPLICATES      | ❌ Закрыт СТАРЫЙ ProcessManager.exe PID: 6708
[#] 0240 | 2026-01-14 19:04:08 | СИСТЕМА      | DUPLICATES      | 🧹 Закрыто старых процессов: 1, оставлен новый: 10620
[~] 0241 | 2026-01-14 19:04:10 | ИЗМЕНЕНИЕ    | WMI_EVENT       | 💥 Обнаружено завершение: ProcessManager.exe (PID: 6708, ExitCode: -1)
[#] 0242 | 2026-01-14 19:04:10 | СИСТЕМА      | WMI_EVENT       | 🚀 Перезапуск ProcessManager.exe через WMI Events
[*] 0243 | 2026-01-14 19:04:10 | КОНСОЛЬ      | WMI_EVENT       | 🛡️ ProcessManager.exe уже существует, запуск отменен
[#] 0244 | 2026-01-14 19:04:11 | СИСТЕМА      | DUPLICATES      | 🔍 Найдено дубликатов ProcessManager.exe: 2
[*] 0245 | 2026-01-14 19:04:11 | КОНСОЛЬ      | DUPLICATES      | 🎯 Определен самый новый процесс PID: 16396
[-] 0246 | 2026-01-14 19:04:11 | ОТКЛЮЧЕНИЕ   | DUPLICATES      | ❌ Закрыт СТАРЫЙ ProcessManager.exe PID: 10620
[*] 0247 | 2026-01-14 19:04:11 | КОНСОЛЬ      | DUPLICATES      | ✅ Оставляем НОВЫЙ ProcessManager.exe PID: 16396
[#] 0248 | 2026-01-14 19:04:11 | СИСТЕМА      | DUPLICATES      | 🧹 Закрыто старых процессов: 1, оставлен новый: 16396
[~] 0249 | 2026-01-14 19:04:12 | ИЗМЕНЕНИЕ    | WMI_EVENT       | 💥 Обнаружено завершение: ProcessManager.exe (PID: 10620, ExitCode: -1)
[#] 0250 | 2026-01-14 19:04:12 | СИСТЕМА      | WMI_EVENT       | 🚀 Перезапуск ProcessManager.exe через WMI Events
[*] 0251 | 2026-01-14 19:04:12 | КОНСОЛЬ      | WMI_EVENT       | 🛡️ ProcessManager.exe уже существует, запуск отменен
[~] 0252 | 2026-01-14 19:04:14 | ИЗМЕНЕНИЕ    | WMI_EVENT       | 💥 Обнаружено завершение: ProcessManager.exe (PID: 16396, ExitCode: -1)
[#] 0253 | 2026-01-14 19:04:14 | СИСТЕМА      | WMI_EVENT       | 🚀 Перезапуск ProcessManager.exe через WMI Events
[+] 0254 | 2026-01-14 19:04:14 | ВКЛЮЧЕНИЕ    | WMI_EVENT       | ✅ ProcessManager.exe запущен: C:\Users\Administrator\Desktop\Запускатр_лог\ProcessManager.exe
[#] 0255 | 2026-01-14 19:04:17 | СИСТЕМА      | DUPLICATES      | 🔍 Найдено дубликатов ProcessManager.exe: 2
[*] 0256 | 2026-01-14 19:04:17 | КОНСОЛЬ      | DUPLICATES      | 🎯 Определен самый новый процесс PID: 18932
[*] 0257 | 2026-01-14 19:04:17 | КОНСОЛЬ      | DUPLICATES      | ✅ Оставляем НОВЫЙ ProcessManager.exe PID: 18932
[-] 0258 | 2026-01-14 19:04:17 | ОТКЛЮЧЕНИЕ   | DUPLICATES      | ❌ Закрыт СТАРЫЙ ProcessManager.exe PID: 11828
[#] 0259 | 2026-01-14 19:04:17 | СИСТЕМА      | DUPLICATES      | 🧹 Закрыто старых процессов: 1, оставлен новый: 18932
[~] 0260 | 2026-01-14 19:04:17 | ИЗМЕНЕНИЕ    | WMI_EVENT       | 💥 Обнаружено завершение: ProcessManager.exe (PID: 11828, ExitCode: -1)
[#] 0261 | 2026-01-14 19:04:17 | СИСТЕМА      | WMI_EVENT       | 🚀 Перезапуск ProcessManager.exe через WMI Events
[*] 0262 | 2026-01-14 19:04:17 | КОНСОЛЬ      | WMI_EVENT       | 🛡️ ProcessManager.exe уже существует, запуск отменен
[~] 0263 | 2026-01-14 19:04:29 | ИЗМЕНЕНИЕ    | WMI_EVENT       | 💥 Обнаружено завершение: ProcessManager.exe (PID: 17964, ExitCode: -1)
[#] 0264 | 2026-01-14 19:04:29 | СИСТЕМА      | WMI_EVENT       | 🚀 Перезапуск ProcessManager.exe через WMI Events
[*] 0265 | 2026-01-14 19:04:29 | КОНСОЛЬ      | WMI_EVENT       | 🛡️ ProcessManager.exe уже существует, запуск отменен
[#] 0266 | 2026-01-14 19:04:32 | СИСТЕМА      | DUPLICATES      | 🔍 Найдено дубликатов ProcessManager.exe: 2
[*] 0267 | 2026-01-14 19:04:32 | КОНСОЛЬ      | DUPLICATES      | 🎯 Определен самый новый процесс PID: 18932
[*] 0268 | 2026-01-14 19:04:32 | КОНСОЛЬ      | DUPLICATES      | ✅ Оставляем НОВЫЙ ProcessManager.exe PID: 18932
[-] 0269 | 2026-01-14 19:04:32 | ОТКЛЮЧЕНИЕ   | DUPLICATES      | ❌ Закрыт СТАРЫЙ ProcessManager.exe PID: 18356
[#] 0270 | 2026-01-14 19:04:32 | СИСТЕМА      | DUPLICATES      | 🧹 Закрыто старых процессов: 1, оставлен новый: 18932
[~] 0271 | 2026-01-14 19:04:32 | ИЗМЕНЕНИЕ    | WMI_EVENT       | 💥 Обнаружено завершение: ProcessManager.exe (PID: 18356, ExitCode: -1)
[#] 0272 | 2026-01-14 19:04:32 | СИСТЕМА      | WMI_EVENT       | 🚀 Перезапуск ProcessManager.exe через WMI Events
[*] 0273 | 2026-01-14 19:04:32 | КОНСОЛЬ      | WMI_EVENT       | 🛡️ ProcessManager.exe уже существует, запуск отменен
[#] 0274 | 2026-01-14 19:04:35 | СИСТЕМА      | DUPLICATES      | 🔍 Найдено дубликатов ProcessManager.exe: 4
[*] 0275 | 2026-01-14 19:04:35 | КОНСОЛЬ      | DUPLICATES      | 🎯 Определен самый новый процесс PID: 18932
[*] 0276 | 2026-01-14 19:04:35 | КОНСОЛЬ      | DUPLICATES      | ✅ Оставляем НОВЫЙ ProcessManager.exe PID: 18932
[-] 0277 | 2026-01-14 19:04:35 | ОТКЛЮЧЕНИЕ   | DUPLICATES      | ❌ Закрыт СТАРЫЙ ProcessManager.exe PID: 1188
[-] 0278 | 2026-01-14 19:04:35 | ОТКЛЮЧЕНИЕ   | DUPLICATES      | ❌ Закрыт СТАРЫЙ ProcessManager.exe PID: 13956
[-] 0279 | 2026-01-14 19:04:35 | ОТКЛЮЧЕНИЕ   | DUPLICATES      | ❌ Закрыт СТАРЫЙ ProcessManager.exe PID: 3416
[#] 0280 | 2026-01-14 19:04:35 | СИСТЕМА      | DUPLICATES      | 🧹 Закрыто старых процессов: 3, оставлен новый: 18932
[~] 0281 | 2026-01-14 19:04:36 | ИЗМЕНЕНИЕ    | WMI_EVENT       | 💥 Обнаружено завершение: ProcessManager.exe (PID: 1188, ExitCode: -1)
[#] 0282 | 2026-01-14 19:04:36 | СИСТЕМА      | WMI_EVENT       | 🚀 Перезапуск ProcessManager.exe через WMI Events
[*] 0283 | 2026-01-14 19:04:36 | КОНСОЛЬ      | WMI_EVENT       | 🛡️ ProcessManager.exe уже существует, запуск отменен
[#] 0284 | 2026-01-14 19:04:38 | СИСТЕМА      | DUPLICATES      | 🔍 Найдено дубликатов ProcessManager.exe: 10
[*] 0285 | 2026-01-14 19:04:38 | КОНСОЛЬ      | DUPLICATES      | 🎯 Определен самый новый процесс PID: 18932
[*] 0286 | 2026-01-14 19:04:38 | КОНСОЛЬ      | DUPLICATES      | ✅ Оставляем НОВЫЙ ProcessManager.exe PID: 18932
[-] 0287 | 2026-01-14 19:04:38 | ОТКЛЮЧЕНИЕ   | DUPLICATES      | ❌ Закрыт СТАРЫЙ ProcessManager.exe PID: 10672
[-] 0288 | 2026-01-14 19:04:38 | ОТКЛЮЧЕНИЕ   | DUPLICATES      | ❌ Закрыт СТАРЫЙ ProcessManager.exe PID: 13700
[-] 0289 | 2026-01-14 19:04:38 | ОТКЛЮЧЕНИЕ   | DUPLICATES      | ❌ Закрыт СТАРЫЙ ProcessManager.exe PID: 17716
[-] 0290 | 2026-01-14 19:04:38 | ОТКЛЮЧЕНИЕ   | DUPLICATES      | ❌ Закрыт СТАРЫЙ ProcessManager.exe PID: 17468
[-] 0291 | 2026-01-14 19:04:38 | ОТКЛЮЧЕНИЕ   | DUPLICATES      | ❌ Закрыт СТАРЫЙ ProcessManager.exe PID: 14228
[-] 0292 | 2026-01-14 19:04:39 | ОТКЛЮЧЕНИЕ   | DUPLICATES      | ❌ Закрыт СТАРЫЙ ProcessManager.exe PID: 8412
[-] 0293 | 2026-01-14 19:04:39 | ОТКЛЮЧЕНИЕ   | DUPLICATES      | ❌ Закрыт СТАРЫЙ ProcessManager.exe PID: 13820
[-] 0294 | 2026-01-14 19:04:39 | ОТКЛЮЧЕНИЕ   | DUPLICATES      | ❌ Закрыт СТАРЫЙ ProcessManager.exe PID: 7180
[-] 0295 | 2026-01-14 19:04:39 | ОТКЛЮЧЕНИЕ   | DUPLICATES      | ❌ Закрыт СТАРЫЙ ProcessManager.exe PID: 15092
[#] 0296 | 2026-01-14 19:04:39 | СИСТЕМА      | DUPLICATES      | 🧹 Закрыто старых процессов: 9, оставлен новый: 18932
[~] 0297 | 2026-01-14 19:04:39 | ИЗМЕНЕНИЕ    | WMI_EVENT       | 💥 Обнаружено завершение: ProcessManager.exe (PID: 10672, ExitCode: -1)
[#] 0298 | 2026-01-14 19:04:39 | СИСТЕМА      | WMI_EVENT       | 🚀 Перезапуск ProcessManager.exe через WMI Events
[*] 0299 | 2026-01-14 19:04:39 | КОНСОЛЬ      | WMI_EVENT       | 🛡️ ProcessManager.exe уже существует, запуск отменен
[~] 0300 | 2026-01-14 19:04:40 | ИЗМЕНЕНИЕ    | WMI_EVENT       | 💥 Обнаружено завершение: ProcessManager.exe (PID: 13700, ExitCode: -1)
[#] 0301 | 2026-01-14 19:04:40 | СИСТЕМА      | WMI_EVENT       | 🚀 Перезапуск ProcessManager.exe через WMI Events
[*] 0302 | 2026-01-14 19:04:40 | КОНСОЛЬ      | WMI_EVENT       | 🛡️ ProcessManager.exe уже существует, запуск отменен
[#] 0303 | 2026-01-14 19:04:41 | СИСТЕМА      | DUPLICATES      | 🔍 Найдено дубликатов ProcessManager.exe: 4
[*] 0304 | 2026-01-14 19:04:41 | КОНСОЛЬ      | DUPLICATES      | 🎯 Определен самый новый процесс PID: 18932
[*] 0305 | 2026-01-14 19:04:41 | КОНСОЛЬ      | DUPLICATES      | ✅ Оставляем НОВЫЙ ProcessManager.exe PID: 18932
[-] 0306 | 2026-01-14 19:04:41 | ОТКЛЮЧЕНИЕ   | DUPLICATES      | ❌ Закрыт СТАРЫЙ ProcessManager.exe PID: 13580
[-] 0307 | 2026-01-14 19:04:41 | ОТКЛЮЧЕНИЕ   | DUPLICATES      | ❌ Закрыт СТАРЫЙ ProcessManager.exe PID: 17368
[-] 0308 | 2026-01-14 19:04:41 | ОТКЛЮЧЕНИЕ   | DUPLICATES      | ❌ Закрыт СТАРЫЙ ProcessManager.exe PID: 10536
[#] 0309 | 2026-01-14 19:04:41 | СИСТЕМА      | DUPLICATES      | 🧹 Закрыто старых процессов: 3, оставлен новый: 18932
[~] 0310 | 2026-01-14 19:04:41 | ИЗМЕНЕНИЕ    | WMI_EVENT       | 💥 Обнаружено завершение: ProcessManager.exe (PID: 13820, ExitCode: -1)
[#] 0311 | 2026-01-14 19:04:41 | СИСТЕМА      | WMI_EVENT       | 🚀 Перезапуск ProcessManager.exe через WMI Events
[*] 0312 | 2026-01-14 19:04:41 | КОНСОЛЬ      | WMI_EVENT       | 🛡️ ProcessManager.exe уже существует, запуск отменен
[~] 0313 | 2026-01-14 19:04:42 | ИЗМЕНЕНИЕ    | WMI_EVENT       | 💥 Обнаружено завершение: ProcessManager.exe (PID: 14228, ExitCode: -1)
[#] 0314 | 2026-01-14 19:04:42 | СИСТЕМА      | WMI_EVENT       | 🚀 Перезапуск ProcessManager.exe через WMI Events
[*] 0315 | 2026-01-14 19:04:42 | КОНСОЛЬ      | WMI_EVENT       | 🛡️ ProcessManager.exe уже существует, запуск отменен
[#] 0316 | 2026-01-14 19:04:44 | СИСТЕМА      | DUPLICATES      | 🔍 Найдено дубликатов ProcessManager.exe: 9
[*] 0317 | 2026-01-14 19:04:44 | КОНСОЛЬ      | DUPLICATES      | 🎯 Определен самый новый процесс PID: 18932
[*] 0318 | 2026-01-14 19:04:44 | КОНСОЛЬ      | DUPLICATES      | ✅ Оставляем НОВЫЙ ProcessManager.exe PID: 18932
[-] 0319 | 2026-01-14 19:04:44 | ОТКЛЮЧЕНИЕ   | DUPLICATES      | ❌ Закрыт СТАРЫЙ ProcessManager.exe PID: 7444
[-] 0320 | 2026-01-14 19:04:44 | ОТКЛЮЧЕНИЕ   | DUPLICATES      | ❌ Закрыт СТАРЫЙ ProcessManager.exe PID: 14672
[-] 0321 | 2026-01-14 19:04:44 | ОТКЛЮЧЕНИЕ   | DUPLICATES      | ❌ Закрыт СТАРЫЙ ProcessManager.exe PID: 17180
[-] 0322 | 2026-01-14 19:04:44 | ОТКЛЮЧЕНИЕ   | DUPLICATES      | ❌ Закрыт СТАРЫЙ ProcessManager.exe PID: 1048
[-] 0323 | 2026-01-14 19:04:44 | ОТКЛЮЧЕНИЕ   | DUPLICATES      | ❌ Закрыт СТАРЫЙ ProcessManager.exe PID: 7428
[-] 0324 | 2026-01-14 19:04:44 | ОТКЛЮЧЕНИЕ   | DUPLICATES      | ❌ Закрыт СТАРЫЙ ProcessManager.exe PID: 15816
[-] 0325 | 2026-01-14 19:04:44 | ОТКЛЮЧЕНИЕ   | DUPLICATES      | ❌ Закрыт СТАРЫЙ ProcessManager.exe PID: 12056
[-] 0326 | 2026-01-14 19:04:44 | ОТКЛЮЧЕНИЕ   | DUPLICATES      | ❌ Закрыт СТАРЫЙ ProcessManager.exe PID: 17028
[#] 0327 | 2026-01-14 19:04:44 | СИСТЕМА      | DUPLICATES      | 🧹 Закрыто старых процессов: 8, оставлен новый: 18932
[~] 0328 | 2026-01-14 19:04:44 | ИЗМЕНЕНИЕ    | WMI_EVENT       | 💥 Обнаружено завершение: ProcessManager.exe (PID: 15092, ExitCode: -1)
[#] 0329 | 2026-01-14 19:04:44 | СИСТЕМА      | WMI_EVENT       | 🚀 Перезапуск ProcessManager.exe через WMI Events
[*] 0330 | 2026-01-14 19:04:44 | КОНСОЛЬ      | WMI_EVENT       | 🛡️ ProcessManager.exe уже существует, запуск отменен
[~] 0331 | 2026-01-14 19:04:45 | ИЗМЕНЕНИЕ    | WMI_EVENT       | 💥 Обнаружено завершение: ProcessManager.exe (PID: 17468, ExitCode: -1)
[#] 0332 | 2026-01-14 19:04:45 | СИСТЕМА      | WMI_EVENT       | 🚀 Перезапуск ProcessManager.exe через WMI Events
[*] 0333 | 2026-01-14 19:04:45 | КОНСОЛЬ      | WMI_EVENT       | 🛡️ ProcessManager.exe уже существует, запуск отменен
[~] 0334 | 2026-01-14 19:04:46 | ИЗМЕНЕНИЕ    | WMI_EVENT       | 💥 Обнаружено завершение: ProcessManager.exe (PID: 17716, ExitCode: -1)
[#] 0335 | 2026-01-14 19:04:46 | СИСТЕМА      | WMI_EVENT       | 🚀 Перезапуск ProcessManager.exe через WMI Events
[*] 0336 | 2026-01-14 19:04:46 | КОНСОЛЬ      | WMI_EVENT       | 🛡️ ProcessManager.exe уже существует, запуск отменен
[~] 0337 | 2026-01-14 19:04:47 | ИЗМЕНЕНИЕ    | WMI_EVENT       | 💥 Обнаружено завершение: ProcessManager.exe (PID: 7180, ExitCode: -1)
[#] 0338 | 2026-01-14 19:04:47 | СИСТЕМА      | WMI_EVENT       | 🚀 Перезапуск ProcessManager.exe через WMI Events
[*] 0339 | 2026-01-14 19:04:47 | КОНСОЛЬ      | WMI_EVENT       | 🛡️ ProcessManager.exe уже существует, запуск отменен
[~] 0340 | 2026-01-14 19:04:49 | ИЗМЕНЕНИЕ    | WMI_EVENT       | 💥 Обнаружено завершение: ProcessManager.exe (PID: 8412, ExitCode: -1)
[#] 0341 | 2026-01-14 19:04:49 | СИСТЕМА      | WMI_EVENT       | 🚀 Перезапуск ProcessManager.exe через WMI Events
[*] 0342 | 2026-01-14 19:04:49 | КОНСОЛЬ      | WMI_EVENT       | 🛡️ ProcessManager.exe уже существует, запуск отменен
[~] 0343 | 2026-01-14 19:04:50 | ИЗМЕНЕНИЕ    | WMI_EVENT       | 💥 Обнаружено завершение: ProcessManager.exe (PID: 13580, ExitCode: -1)
[#] 0344 | 2026-01-14 19:04:50 | СИСТЕМА      | WMI_EVENT       | 🚀 Перезапуск ProcessManager.exe через WMI Events
[*] 0345 | 2026-01-14 19:04:50 | КОНСОЛЬ      | WMI_EVENT       | 🛡️ ProcessManager.exe уже существует, запуск отменен
[#] 0346 | 2026-01-14 19:04:51 | СИСТЕМА      | DUPLICATES      | 🔍 Найдено дубликатов ProcessManager.exe: 10
[*] 0347 | 2026-01-14 19:04:51 | КОНСОЛЬ      | DUPLICATES      | 🎯 Определен самый новый процесс PID: 18988
[-] 0348 | 2026-01-14 19:04:51 | ОТКЛЮЧЕНИЕ   | DUPLICATES      | ❌ Закрыт СТАРЫЙ ProcessManager.exe PID: 18932
[*] 0349 | 2026-01-14 19:04:51 | КОНСОЛЬ      | DUPLICATES      | ✅ Оставляем НОВЫЙ ProcessManager.exe PID: 18988
[-] 0350 | 2026-01-14 19:04:51 | ОТКЛЮЧЕНИЕ   | DUPLICATES      | ❌ Закрыт СТАРЫЙ ProcessManager.exe PID: 8832
[-] 0351 | 2026-01-14 19:04:51 | ОТКЛЮЧЕНИЕ   | DUPLICATES      | ❌ Закрыт СТАРЫЙ ProcessManager.exe PID: 18876
[-] 0352 | 2026-01-14 19:04:51 | ОТКЛЮЧЕНИЕ   | DUPLICATES      | ❌ Закрыт СТАРЫЙ ProcessManager.exe PID: 4784
[-] 0353 | 2026-01-14 19:04:51 | ОТКЛЮЧЕНИЕ   | DUPLICATES      | ❌ Закрыт СТАРЫЙ ProcessManager.exe PID: 10692
[-] 0354 | 2026-01-14 19:04:51 | ОТКЛЮЧЕНИЕ   | DUPLICATES      | ❌ Закрыт СТАРЫЙ ProcessManager.exe PID: 15076
[-] 0355 | 2026-01-14 19:04:51 | ОТКЛЮЧЕНИЕ   | DUPLICATES      | ❌ Закрыт СТАРЫЙ ProcessManager.exe PID: 5072
[-] 0356 | 2026-01-14 19:04:51 | ОТКЛЮЧЕНИЕ   | DUPLICATES      | ❌ Закрыт СТАРЫЙ ProcessManager.exe PID: 14940
[-] 0357 | 2026-01-14 19:04:51 | ОТКЛЮЧЕНИЕ   | DUPLICATES      | ❌ Закрыт СТАРЫЙ ProcessManager.exe PID: 8544
[#] 0358 | 2026-01-14 19:04:51 | СИСТЕМА      | DUPLICATES      | 🧹 Закрыто старых процессов: 9, оставлен новый: 18988
[~] 0359 | 2026-01-14 19:04:51 | ИЗМЕНЕНИЕ    | WMI_EVENT       | 💥 Обнаружено завершение: ProcessManager.exe (PID: 1048, ExitCode: -1)
[#] 0360 | 2026-01-14 19:04:51 | СИСТЕМА      | WMI_EVENT       | 🚀 Перезапуск ProcessManager.exe через WMI Events
[*] 0361 | 2026-01-14 19:04:51 | КОНСОЛЬ      | WMI_EVENT       | 🛡️ ProcessManager.exe уже существует, запуск отменен
[~] 0362 | 2026-01-14 19:04:53 | ИЗМЕНЕНИЕ    | WMI_EVENT       | 💥 Обнаружено завершение: ProcessManager.exe (PID: 12056, ExitCode: -1)
[#] 0363 | 2026-01-14 19:04:53 | СИСТЕМА      | WMI_EVENT       | 🚀 Перезапуск ProcessManager.exe через WMI Events
[*] 0364 | 2026-01-14 19:04:53 | КОНСОЛЬ      | WMI_EVENT       | 🛡️ ProcessManager.exe уже существует, запуск отменен
[~] 0365 | 2026-01-14 19:04:54 | ИЗМЕНЕНИЕ    | WMI_EVENT       | 💥 Обнаружено завершение: ProcessManager.exe (PID: 14672, ExitCode: -1)
[#] 0366 | 2026-01-14 19:04:54 | СИСТЕМА      | WMI_EVENT       | 🚀 Перезапуск ProcessManager.exe через WMI Events
[*] 0367 | 2026-01-14 19:04:54 | КОНСОЛЬ      | WMI_EVENT       | 🛡️ ProcessManager.exe уже существует, запуск отменен
[~] 0368 | 2026-01-14 19:04:55 | ИЗМЕНЕНИЕ    | WMI_EVENT       | 💥 Обнаружено завершение: ProcessManager.exe (PID: 15816, ExitCode: -1)
[#] 0369 | 2026-01-14 19:04:55 | СИСТЕМА      | WMI_EVENT       | 🚀 Перезапуск ProcessManager.exe через WMI Events
[+] 0370 | 2026-01-14 19:04:55 | ВКЛЮЧЕНИЕ    | WMI_EVENT       | ✅ ProcessManager.exe запущен: C:\Users\Administrator\Desktop\Запускатр_лог\ProcessManager.exe
[#] 0371 | 2026-01-14 19:04:56 | СИСТЕМА      | DUPLICATES      | 🔍 Найдено дубликатов ProcessManager.exe: 2
[*] 0372 | 2026-01-14 19:04:56 | КОНСОЛЬ      | DUPLICATES      | 🎯 Определен самый новый процесс PID: 10632
[*] 0373 | 2026-01-14 19:04:56 | КОНСОЛЬ      | DUPLICATES      | ✅ Оставляем НОВЫЙ ProcessManager.exe PID: 10632
[-] 0374 | 2026-01-14 19:04:56 | ОТКЛЮЧЕНИЕ   | DUPLICATES      | ❌ Закрыт СТАРЫЙ ProcessManager.exe PID: 8812
[#] 0375 | 2026-01-14 19:04:56 | СИСТЕМА      | DUPLICATES      | 🧹 Закрыто старых процессов: 1, оставлен новый: 10632
[~] 0376 | 2026-01-14 19:04:56 | ИЗМЕНЕНИЕ    | WMI_EVENT       | 💥 Обнаружено завершение: ProcessManager.exe (PID: 17180, ExitCode: -1)
[#] 0377 | 2026-01-14 19:04:56 | СИСТЕМА      | WMI_EVENT       | 🚀 Перезапуск ProcessManager.exe через WMI Events
[*] 0378 | 2026-01-14 19:04:56 | КОНСОЛЬ      | WMI_EVENT       | 🛡️ ProcessManager.exe уже существует, запуск отменен
[~] 0379 | 2026-01-14 19:04:57 | ИЗМЕНЕНИЕ    | WMI_EVENT       | 💥 Обнаружено завершение: ProcessManager.exe (PID: 7428, ExitCode: -1)
[#] 0380 | 2026-01-14 19:04:57 | СИСТЕМА      | WMI_EVENT       | 🚀 Перезапуск ProcessManager.exe через WMI Events
[*] 0381 | 2026-01-14 19:04:57 | КОНСОЛЬ      | WMI_EVENT       | 🛡️ ProcessManager.exe уже существует, запуск отменен
[~] 0382 | 2026-01-14 19:04:59 | ИЗМЕНЕНИЕ    | WMI_EVENT       | 💥 Обнаружено завершение: ProcessManager.exe (PID: 7444, ExitCode: -1)
[#] 0383 | 2026-01-14 19:04:59 | СИСТЕМА      | WMI_EVENT       | 🚀 Перезапуск ProcessManager.exe через WMI Events
[*] 0384 | 2026-01-14 19:04:59 | КОНСОЛЬ      | WMI_EVENT       | 🛡️ ProcessManager.exe уже существует, запуск отменен
[~] 0385 | 2026-01-14 19:05:00 | ИЗМЕНЕНИЕ    | WMI_EVENT       | 💥 Обнаружено завершение: ProcessManager.exe (PID: 17028, ExitCode: -1)
[#] 0386 | 2026-01-14 19:05:00 | СИСТЕМА      | WMI_EVENT       | 🚀 Перезапуск ProcessManager.exe через WMI Events
[*] 0387 | 2026-01-14 19:05:00 | КОНСОЛЬ      | WMI_EVENT       | 🛡️ ProcessManager.exe уже существует, запуск отменен
[~] 0388 | 2026-01-14 19:05:01 | ИЗМЕНЕНИЕ    | WMI_EVENT       | 💥 Обнаружено завершение: ProcessManager.exe (PID: 10692, ExitCode: -1)
[#] 0389 | 2026-01-14 19:05:01 | СИСТЕМА      | WMI_EVENT       | 🚀 Перезапуск ProcessManager.exe через WMI Events
[*] 0390 | 2026-01-14 19:05:01 | КОНСОЛЬ      | WMI_EVENT       | 🛡️ ProcessManager.exe уже существует, запуск отменен
[~] 0391 | 2026-01-14 19:05:02 | ИЗМЕНЕНИЕ    | WMI_EVENT       | 💥 Обнаружено завершение: ProcessManager.exe (PID: 10996, ExitCode: -1)
[#] 0392 | 2026-01-14 19:05:02 | СИСТЕМА      | WMI_EVENT       | 🚀 Перезапуск ProcessManager.exe через WMI Events
[*] 0393 | 2026-01-14 19:05:02 | КОНСОЛЬ      | WMI_EVENT       | 🛡️ ProcessManager.exe уже существует, запуск отменен
[~] 0394 | 2026-01-14 19:05:03 | ИЗМЕНЕНИЕ    | WMI_EVENT       | 💥 Обнаружено завершение: ProcessManager.exe (PID: 14940, ExitCode: -1)
[#] 0395 | 2026-01-14 19:05:03 | СИСТЕМА      | WMI_EVENT       | 🚀 Перезапуск ProcessManager.exe через WMI Events
[*] 0396 | 2026-01-14 19:05:03 | КОНСОЛЬ      | WMI_EVENT       | 🛡️ ProcessManager.exe уже существует, запуск отменен
[~] 0397 | 2026-01-14 19:05:04 | ИЗМЕНЕНИЕ    | WMI_EVENT       | 💥 Обнаружено завершение: ProcessManager.exe (PID: 15076, ExitCode: -1)
[#] 0398 | 2026-01-14 19:05:04 | СИСТЕМА      | WMI_EVENT       | 🚀 Перезапуск ProcessManager.exe через WMI Events
[*] 0399 | 2026-01-14 19:05:04 | КОНСОЛЬ      | WMI_EVENT       | 🛡️ ProcessManager.exe уже существует, запуск отменен
[~] 0400 | 2026-01-14 19:05:06 | ИЗМЕНЕНИЕ    | WMI_EVENT       | 💥 Обнаружено завершение: ProcessManager.exe (PID: 18876, ExitCode: -1)
[#] 0401 | 2026-01-14 19:05:06 | СИСТЕМА      | WMI_EVENT       | 🚀 Перезапуск ProcessManager.exe через WMI Events
[*] 0402 | 2026-01-14 19:05:06 | КОНСОЛЬ      | WMI_EVENT       | 🛡️ ProcessManager.exe уже существует, запуск отменен
[~] 0403 | 2026-01-14 19:05:07 | ИЗМЕНЕНИЕ    | WMI_EVENT       | 💥 Обнаружено завершение: ProcessManager.exe (PID: 18932, ExitCode: -1)
[#] 0404 | 2026-01-14 19:05:07 | СИСТЕМА      | WMI_EVENT       | 🚀 Перезапуск ProcessManager.exe через WMI Events
[*] 0405 | 2026-01-14 19:05:07 | КОНСОЛЬ      | WMI_EVENT       | 🛡️ ProcessManager.exe уже существует, запуск отменен
[~] 0406 | 2026-01-14 19:05:08 | ИЗМЕНЕНИЕ    | WMI_EVENT       | 💥 Обнаружено завершение: ProcessManager.exe (PID: 4784, ExitCode: -1)
[#] 0407 | 2026-01-14 19:05:08 | СИСТЕМА      | WMI_EVENT       | 🚀 Перезапуск ProcessManager.exe через WMI Events
[*] 0408 | 2026-01-14 19:05:08 | КОНСОЛЬ      | WMI_EVENT       | 🛡️ ProcessManager.exe уже существует, запуск отменен
[~] 0409 | 2026-01-14 19:05:09 | ИЗМЕНЕНИЕ    | WMI_EVENT       | 💥 Обнаружено завершение: ProcessManager.exe (PID: 5072, ExitCode: -1)
[#] 0410 | 2026-01-14 19:05:09 | СИСТЕМА      | WMI_EVENT       | 🚀 Перезапуск ProcessManager.exe через WMI Events
[*] 0411 | 2026-01-14 19:05:09 | КОНСОЛЬ      | WMI_EVENT       | 🛡️ ProcessManager.exe уже существует, запуск отменен
[~] 0412 | 2026-01-14 19:05:10 | ИЗМЕНЕНИЕ    | WMI_EVENT       | 💥 Обнаружено завершение: ProcessManager.exe (PID: 8544, ExitCode: -1)
[#] 0413 | 2026-01-14 19:05:10 | СИСТЕМА      | WMI_EVENT       | 🚀 Перезапуск ProcessManager.exe через WMI Events
[*] 0414 | 2026-01-14 19:05:10 | КОНСОЛЬ      | WMI_EVENT       | 🛡️ ProcessManager.exe уже существует, запуск отменен
[~] 0415 | 2026-01-14 19:05:12 | ИЗМЕНЕНИЕ    | WMI_EVENT       | 💥 Обнаружено завершение: ProcessManager.exe (PID: 8832, ExitCode: -1)
[#] 0416 | 2026-01-14 19:05:12 | СИСТЕМА      | WMI_EVENT       | 🚀 Перезапуск ProcessManager.exe через WMI Events
[+] 0417 | 2026-01-14 19:05:12 | ВКЛЮЧЕНИЕ    | WMI_EVENT       | ✅ ProcessManager.exe запущен: C:\Users\Administrator\Desktop\Запускатр_лог\ProcessManager.exe
[#] 0418 | 2026-01-14 19:05:13 | СИСТЕМА      | DUPLICATES      | 🔍 Найдено дубликатов ProcessManager.exe: 2
[*] 0419 | 2026-01-14 19:05:13 | КОНСОЛЬ      | DUPLICATES      | 🎯 Определен самый новый процесс PID: 18944
[-] 0420 | 2026-01-14 19:05:13 | ОТКЛЮЧЕНИЕ   | DUPLICATES      | ❌ Закрыт СТАРЫЙ ProcessManager.exe PID: 13872
[*] 0421 | 2026-01-14 19:05:13 | КОНСОЛЬ      | DUPLICATES      | ✅ Оставляем НОВЫЙ ProcessManager.exe PID: 18944
[#] 0422 | 2026-01-14 19:05:13 | СИСТЕМА      | DUPLICATES      | 🧹 Закрыто старых процессов: 1, оставлен новый: 18944
[~] 0423 | 2026-01-14 19:05:13 | ИЗМЕНЕНИЕ    | WMI_EVENT       | 💥 Обнаружено завершение: ProcessManager.exe (PID: 18988, ExitCode: -1)
[#] 0424 | 2026-01-14 19:05:13 | СИСТЕМА      | WMI_EVENT       | 🚀 Перезапуск ProcessManager.exe через WMI Events
[*] 0425 | 2026-01-14 19:05:13 | КОНСОЛЬ      | WMI_EVENT       | 🛡️ ProcessManager.exe уже существует, запуск отменен
[~] 0426 | 2026-01-14 19:05:14 | ИЗМЕНЕНИЕ    | WMI_EVENT       | 💥 Обнаружено завершение: ProcessManager.exe (PID: 10632, ExitCode: -1)
[#] 0427 | 2026-01-14 19:05:14 | СИСТЕМА      | WMI_EVENT       | 🚀 Перезапуск ProcessManager.exe через WMI Events
[*] 0428 | 2026-01-14 19:05:14 | КОНСОЛЬ      | WMI_EVENT       | 🛡️ ProcessManager.exe уже существует, запуск отменен
[~] 0429 | 2026-01-14 19:05:15 | ИЗМЕНЕНИЕ    | WMI_EVENT       | 💥 Обнаружено завершение: ProcessManager.exe (PID: 13872, ExitCode: -1)
[#] 0430 | 2026-01-14 19:05:15 | СИСТЕМА      | WMI_EVENT       | 🚀 Перезапуск ProcessManager.exe через WMI Events
[*] 0431 | 2026-01-14 19:05:15 | КОНСОЛЬ      | WMI_EVENT       | 🛡️ ProcessManager.exe уже существует, запуск отменен
[#] 0432 | 2026-01-14 19:05:17 | СИСТЕМА      | PROCESSEXISTS   | ⚠️ РЕЗЕРВНАЯ СИСТЕМА: ProcessManager не найден в последние 3 сек, запускаем: ProcessManager.exe
[+] 0433 | 2026-01-14 19:05:17 | ВКЛЮЧЕНИЕ    | PROCESSEXISTS   | ✅ ProcessManager.exe запущен: C:\Users\Administrator\Desktop\Запускатр_лог\ProcessManager.exe
[#] 0434 | 2026-01-14 19:05:18 | СИСТЕМА      | DUPLICATES      | 🔍 Найдено дубликатов ProcessManager.exe: 2
[*] 0435 | 2026-01-14 19:05:18 | КОНСОЛЬ      | DUPLICATES      | 🎯 Определен самый новый процесс PID: 17480
[-] 0436 | 2026-01-14 19:05:18 | ОТКЛЮЧЕНИЕ   | DUPLICATES      | ❌ Закрыт СТАРЫЙ ProcessManager.exe PID: 17432
[*] 0437 | 2026-01-14 19:05:18 | КОНСОЛЬ      | DUPLICATES      | ✅ Оставляем НОВЫЙ ProcessManager.exe PID: 17480
[#] 0438 | 2026-01-14 19:05:18 | СИСТЕМА      | DUPLICATES      | 🧹 Закрыто старых процессов: 1, оставлен новый: 17480
[~] 0439 | 2026-01-14 19:05:18 | ИЗМЕНЕНИЕ    | WMI_EVENT       | 💥 Обнаружено завершение: ProcessManager.exe (PID: 18944, ExitCode: -1)
[#] 0440 | 2026-01-14 19:05:18 | СИСТЕМА      | WMI_EVENT       | 🚀 Перезапуск ProcessManager.exe через WMI Events
[*] 0441 | 2026-01-14 19:05:18 | КОНСОЛЬ      | WMI_EVENT       | 🛡️ ProcessManager.exe уже существует, запуск отменен
[~] 0442 | 2026-01-14 19:05:19 | ИЗМЕНЕНИЕ    | WMI_EVENT       | 💥 Обнаружено завершение: ProcessManager.exe (PID: 17432, ExitCode: -1)
[#] 0443 | 2026-01-14 19:05:19 | СИСТЕМА      | WMI_EVENT       | 🚀 Перезапуск ProcessManager.exe через WMI Events
[+] 0444 | 2026-01-14 19:05:19 | ВКЛЮЧЕНИЕ    | WMI_EVENT       | ✅ ProcessManager.exe запущен: C:\Users\Administrator\Desktop\Запускатр_лог\ProcessManager.exe
[#] 0445 | 2026-01-14 19:05:21 | СИСТЕМА      | DUPLICATES      | 🔍 Найдено дубликатов ProcessManager.exe: 2
[*] 0446 | 2026-01-14 19:05:21 | КОНСОЛЬ      | DUPLICATES      | 🎯 Определен самый новый процесс PID: 17232
[*] 0447 | 2026-01-14 19:05:21 | КОНСОЛЬ      | DUPLICATES      | ✅ Оставляем НОВЫЙ ProcessManager.exe PID: 17232
[-] 0448 | 2026-01-14 19:05:21 | ОТКЛЮЧЕНИЕ   | DUPLICATES      | ❌ Закрыт СТАРЫЙ ProcessManager.exe PID: 356
[#] 0449 | 2026-01-14 19:05:21 | СИСТЕМА      | DUPLICATES      | 🧹 Закрыто старых процессов: 1, оставлен новый: 17232
[~] 0450 | 2026-01-14 19:05:21 | ИЗМЕНЕНИЕ    | WMI_EVENT       | 💥 Обнаружено завершение: ProcessManager.exe (PID: 17480, ExitCode: -1)
[#] 0451 | 2026-01-14 19:05:21 | СИСТЕМА      | WMI_EVENT       | 🚀 Перезапуск ProcessManager.exe через WMI Events
[*] 0452 | 2026-01-14 19:05:21 | КОНСОЛЬ      | WMI_EVENT       | 🛡️ ProcessManager.exe уже существует, запуск отменен
[~] 0453 | 2026-01-14 19:05:22 | ИЗМЕНЕНИЕ    | WMI_EVENT       | 💥 Обнаружено завершение: ProcessManager.exe (PID: 356, ExitCode: -1)
[#] 0454 | 2026-01-14 19:05:22 | СИСТЕМА      | WMI_EVENT       | 🚀 Перезапуск ProcessManager.exe через WMI Events
[*] 0455 | 2026-01-14 19:05:22 | КОНСОЛЬ      | WMI_EVENT       | 🛡️ ProcessManager.exe уже существует, запуск отменен
[+] 0456 | 2026-01-14 19:09:44 | ВКЛЮЧЕНИЕ    | WATCHDOG        | ⚡ AutoIt Error Watchdog запущен (БЫСТРЫЙ СТАРТ)
[#] 0457 | 2026-01-14 19:09:44 | СИСТЕМА      | OPTIMIZATION    | ⚡ CPU оптимизация: WMI ОТКЛЮЧЕН, Polling режим, Sleep 100мс
[#] 0458 | 2026-01-14 19:09:44 | СИСТЕМА      | WMI_CLEANUP     | ⚡ WMI очистка: БЫСТРЫЙ режим, только завершение процессов
[#] 0459 | 2026-01-14 19:09:44 | СИСТЕМА      | WMI_CLEANUP     | ⚡ БЫСТРАЯ очистка WMI при запуске...
[#] 0460 | 2026-01-14 19:09:44 | СИСТЕМА      | WMI_CLEANUP     | ⚡ Быстрый перезапуск службы WMI...
[#] 0461 | 2026-01-14 19:09:46 | СИСТЕМА      | WMI_CLEANUP     | ✅ Служба WMI перезапущена (задержка: 1500мс)
[#] 0462 | 2026-01-14 19:09:46 | СИСТЕМА      | WMI_CLEANUP     | ✅ Быстрая очистка WMI завершена
[#] 0463 | 2026-01-14 19:09:46 | СИСТЕМА      | WMI             | 🔄 Инициализация WMI Events для ProcessManager.exe (интервал: 0.1 сек)...
[+] 0464 | 2026-01-14 19:09:46 | ВКЛЮЧЕНИЕ    | WMI             | ✅ WMI служба успешно подключена
[#] 0465 | 2026-01-14 19:09:46 | СИСТЕМА      | WMI             | 🔍 Проверяем ProcessManager.exe через WMI...
[*] 0466 | 2026-01-14 19:09:46 | КОНСОЛЬ      | WMI             | ✅ ProcessManager.exe найден (1 экземпляров)
[#] 0467 | 2026-01-14 19:09:46 | СИСТЕМА      | WMI             | 📊 WMI проверка завершена
[#] 0468 | 2026-01-14 19:09:46 | СИСТЕМА      | WMI             | 📡 Инициализация WMI Events...
[+] 0469 | 2026-01-14 19:09:47 | ВКЛЮЧЕНИЕ    | WMI             | 🎯 WMI Events активированы для ProcessManager.exe
[#] 0470 | 2026-01-14 19:09:47 | СИСТЕМА      | WMI             | 🎯 WMI Events система готова к работе
[#] 0471 | 2026-01-14 19:09:47 | СИСТЕМА      | OPTIMIZATION    | 📊 Интервалы: MainLoop=100мс, WMI Events=500мс, WMI Poll=1000мс
[#] 0472 | 2026-01-14 19:09:57 | СИСТЕМА      | WMI_POLL        | 🔄 Попытка восстановления WMI Events после 10 успешных опросов...
[#] 0473 | 2026-01-14 19:09:57 | СИСТЕМА      | WMI             | 🔄 Попытка восстановления WMI Events...
[#] 0474 | 2026-01-14 19:09:57 | СИСТЕМА      | WMI             | 📡 Инициализация WMI Events...
[+] 0475 | 2026-01-14 19:09:57 | ВКЛЮЧЕНИЕ    | WMI             | 🎯 WMI Events активированы для ProcessManager.exe
[+] 0476 | 2026-01-14 19:09:57 | ВКЛЮЧЕНИЕ    | WMI             | 🎯 WMI Events успешно восстановлены из режима опроса!
[#] 0477 | 2026-01-14 19:10:05 | СИСТЕМА      | DUPLICATES      | 🔍 Найдено дубликатов ProcessManager.exe: 2
[*] 0478 | 2026-01-14 19:10:05 | КОНСОЛЬ      | DUPLICATES      | 🎯 Определен самый новый процесс PID: 13380
[*] 0479 | 2026-01-14 19:10:05 | КОНСОЛЬ      | DUPLICATES      | ✅ Оставляем НОВЫЙ ProcessManager.exe PID: 13380
[-] 0480 | 2026-01-14 19:10:05 | ОТКЛЮЧЕНИЕ   | DUPLICATES      | ❌ Закрыт СТАРЫЙ ProcessManager.exe PID: 12620
[#] 0481 | 2026-01-14 19:10:05 | СИСТЕМА      | DUPLICATES      | 🧹 Закрыто старых процессов: 1, оставлен новый: 13380
[~] 0482 | 2026-01-14 19:10:06 | ИЗМЕНЕНИЕ    | WMI_EVENT       | 💥 Обнаружено завершение: ProcessManager.exe (PID: 12620, ExitCode: -1)
[#] 0483 | 2026-01-14 19:10:07 | СИСТЕМА      | WMI_EVENT       | 🚀 Перезапуск ProcessManager.exe через WMI Events
[*] 0484 | 2026-01-14 19:10:07 | КОНСОЛЬ      | WMI_EVENT       | 🛡️ ProcessManager.exe уже существует, запуск отменен
[#] 0485 | 2026-01-14 19:10:08 | СИСТЕМА      | DUPLICATES      | 🔍 Найдено дубликатов ProcessManager.exe: 11
[*] 0486 | 2026-01-14 19:10:08 | КОНСОЛЬ      | DUPLICATES      | 🎯 Определен самый новый процесс PID: 19348
[-] 0487 | 2026-01-14 19:10:08 | ОТКЛЮЧЕНИЕ   | DUPLICATES      | ❌ Закрыт СТАРЫЙ ProcessManager.exe PID: 13380
[*] 0488 | 2026-01-14 19:10:08 | КОНСОЛЬ      | DUPLICATES      | ✅ Оставляем НОВЫЙ ProcessManager.exe PID: 19348
[-] 0489 | 2026-01-14 19:10:08 | ОТКЛЮЧЕНИЕ   | DUPLICATES      | ❌ Закрыт СТАРЫЙ ProcessManager.exe PID: 1692
[-] 0490 | 2026-01-14 19:10:08 | ОТКЛЮЧЕНИЕ   | DUPLICATES      | ❌ Закрыт СТАРЫЙ ProcessManager.exe PID: 5724
[-] 0491 | 2026-01-14 19:10:08 | ОТКЛЮЧЕНИЕ   | DUPLICATES      | ❌ Закрыт СТАРЫЙ ProcessManager.exe PID: 16944
[-] 0492 | 2026-01-14 19:10:08 | ОТКЛЮЧЕНИЕ   | DUPLICATES      | ❌ Закрыт СТАРЫЙ ProcessManager.exe PID: 17968
[-] 0493 | 2026-01-14 19:10:08 | ОТКЛЮЧЕНИЕ   | DUPLICATES      | ❌ Закрыт СТАРЫЙ ProcessManager.exe PID: 15976
[-] 0494 | 2026-01-14 19:10:08 | ОТКЛЮЧЕНИЕ   | DUPLICATES      | ❌ Закрыт СТАРЫЙ ProcessManager.exe PID: 8584
[-] 0495 | 2026-01-14 19:10:08 | ОТКЛЮЧЕНИЕ   | DUPLICATES      | ❌ Закрыт СТАРЫЙ ProcessManager.exe PID: 14644
[-] 0496 | 2026-01-14 19:10:08 | ОТКЛЮЧЕНИЕ   | DUPLICATES      | ❌ Закрыт СТАРЫЙ ProcessManager.exe PID: 8004
[-] 0497 | 2026-01-14 19:10:08 | ОТКЛЮЧЕНИЕ   | DUPLICATES      | ❌ Закрыт СТАРЫЙ ProcessManager.exe PID: 10600
[#] 0498 | 2026-01-14 19:10:08 | СИСТЕМА      | DUPLICATES      | 🧹 Закрыто старых процессов: 10, оставлен новый: 19348
[~] 0499 | 2026-01-14 19:10:10 | ИЗМЕНЕНИЕ    | WMI_EVENT       | 💥 Обнаружено завершение: ProcessManager.exe (PID: 10600, ExitCode: -1)
[#] 0500 | 2026-01-14 19:10:10 | СИСТЕМА      | WMI_EVENT       | 🚀 Перезапуск ProcessManager.exe через WMI Events
[+] 0501 | 2026-01-14 19:10:10 | ВКЛЮЧЕНИЕ    | WMI_EVENT       | ✅ ProcessManager.exe запущен: C:\Users\Administrator\Desktop\Запускатр_лог\ProcessManager.exe
[~] 0502 | 2026-01-14 19:10:11 | ИЗМЕНЕНИЕ    | WMI_EVENT       | 💥 Обнаружено завершение: ProcessManager.exe (PID: 13380, ExitCode: -1)
[#] 0503 | 2026-01-14 19:10:11 | СИСТЕМА      | WMI_EVENT       | 🚀 Перезапуск ProcessManager.exe через WMI Events
[*] 0504 | 2026-01-14 19:10:11 | КОНСОЛЬ      | WMI_EVENT       | 🛡️ ProcessManager.exe уже существует, запуск отменен
[~] 0505 | 2026-01-14 19:10:12 | ИЗМЕНЕНИЕ    | WMI_EVENT       | 💥 Обнаружено завершение: ProcessManager.exe (PID: 14644, ExitCode: -1)
[#] 0506 | 2026-01-14 19:10:12 | СИСТЕМА      | WMI_EVENT       | 🚀 Перезапуск ProcessManager.exe через WMI Events
[*] 0507 | 2026-01-14 19:10:12 | КОНСОЛЬ      | WMI_EVENT       | 🛡️ ProcessManager.exe уже существует, запуск отменен
[~] 0508 | 2026-01-14 19:10:13 | ИЗМЕНЕНИЕ    | WMI_EVENT       | 💥 Обнаружено завершение: ProcessManager.exe (PID: 15976, ExitCode: -1)
[#] 0509 | 2026-01-14 19:10:13 | СИСТЕМА      | WMI_EVENT       | 🚀 Перезапуск ProcessManager.exe через WMI Events
[*] 0510 | 2026-01-14 19:10:13 | КОНСОЛЬ      | WMI_EVENT       | 🛡️ ProcessManager.exe уже существует, запуск отменен
[~] 0511 | 2026-01-14 19:10:14 | ИЗМЕНЕНИЕ    | WMI_EVENT       | 💥 Обнаружено завершение: ProcessManager.exe (PID: 1692, ExitCode: -1)
[#] 0512 | 2026-01-14 19:10:14 | СИСТЕМА      | WMI_EVENT       | 🚀 Перезапуск ProcessManager.exe через WMI Events
[*] 0513 | 2026-01-14 19:10:14 | КОНСОЛЬ      | WMI_EVENT       | 🛡️ ProcessManager.exe уже существует, запуск отменен
[~] 0514 | 2026-01-14 19:10:15 | ИЗМЕНЕНИЕ    | WMI_EVENT       | 💥 Обнаружено завершение: ProcessManager.exe (PID: 16944, ExitCode: -1)
[#] 0515 | 2026-01-14 19:10:15 | СИСТЕМА      | WMI_EVENT       | 🚀 Перезапуск ProcessManager.exe через WMI Events
[*] 0516 | 2026-01-14 19:10:16 | КОНСОЛЬ      | WMI_EVENT       | 🛡️ ProcessManager.exe уже существует, запуск отменен
[~] 0517 | 2026-01-14 19:10:17 | ИЗМЕНЕНИЕ    | WMI_EVENT       | 💥 Обнаружено завершение: ProcessManager.exe (PID: 17968, ExitCode: -1)
[#] 0518 | 2026-01-14 19:10:17 | СИСТЕМА      | WMI_EVENT       | 🚀 Перезапуск ProcessManager.exe через WMI Events
[*] 0519 | 2026-01-14 19:10:17 | КОНСОЛЬ      | WMI_EVENT       | 🛡️ ProcessManager.exe уже существует, запуск отменен
[~] 0520 | 2026-01-14 19:10:18 | ИЗМЕНЕНИЕ    | WMI_EVENT       | 💥 Обнаружено завершение: ProcessManager.exe (PID: 5724, ExitCode: -1)
[#] 0521 | 2026-01-14 19:10:18 | СИСТЕМА      | WMI_EVENT       | 🚀 Перезапуск ProcessManager.exe через WMI Events
[*] 0522 | 2026-01-14 19:10:18 | КОНСОЛЬ      | WMI_EVENT       | 🛡️ ProcessManager.exe уже существует, запуск отменен
[~] 0523 | 2026-01-14 19:10:19 | ИЗМЕНЕНИЕ    | WMI_EVENT       | 💥 Обнаружено завершение: ProcessManager.exe (PID: 8004, ExitCode: -1)
[#] 0524 | 2026-01-14 19:10:19 | СИСТЕМА      | WMI_EVENT       | 🚀 Перезапуск ProcessManager.exe через WMI Events
[*] 0525 | 2026-01-14 19:10:19 | КОНСОЛЬ      | WMI_EVENT       | 🛡️ ProcessManager.exe уже существует, запуск отменен
[~] 0526 | 2026-01-14 19:10:20 | ИЗМЕНЕНИЕ    | WMI_EVENT       | 💥 Обнаружено завершение: ProcessManager.exe (PID: 8584, ExitCode: -1)
[#] 0527 | 2026-01-14 19:10:20 | СИСТЕМА      | WMI_EVENT       | 🚀 Перезапуск ProcessManager.exe через WMI Events
[*] 0528 | 2026-01-14 19:10:20 | КОНСОЛЬ      | WMI_EVENT       | 🛡️ ProcessManager.exe уже существует, запуск отменен
[~] 0529 | 2026-01-14 19:10:21 | ИЗМЕНЕНИЕ    | WMI_EVENT       | 💥 Обнаружено завершение: ProcessManager.exe (PID: 19348, ExitCode: -1)
[#] 0530 | 2026-01-14 19:10:21 | СИСТЕМА      | WMI_EVENT       | 🚀 Перезапуск ProcessManager.exe через WMI Events
[*] 0531 | 2026-01-14 19:10:21 | КОНСОЛЬ      | WMI_EVENT       | 🛡️ ProcessManager.exe уже существует, запуск отменен
[~] 0532 | 2026-01-14 19:17:18 | ИЗМЕНЕНИЕ    | WMI_EVENT       | 💥 Обнаружено завершение: ProcessManager.exe (PID: 13008, ExitCode: -1)
[#] 0533 | 2026-01-14 19:17:18 | СИСТЕМА      | WMI_EVENT       | 🚀 Перезапуск ProcessManager.exe через WMI Events
[+] 0534 | 2026-01-14 19:17:18 | ВКЛЮЧЕНИЕ    | WMI_EVENT       | ✅ ProcessManager.exe запущен: C:\Users\Administrator\Desktop\Запускатр_лог\ProcessManager.exe
[+] 0002 | 2026-01-14 19:25:27 | ВКЛЮЧЕНИЕ    | WATCHDOG        | ⚡ AutoIt Error Watchdog запущен (БЫСТРЫЙ СТАРТ)
[#] 0003 | 2026-01-14 19:25:27 | СИСТЕМА      | OPTIMIZATION    | ⚡ CPU оптимизация: WMI ОТКЛЮЧЕН, Polling режим, Sleep 100мс
[#] 0004 | 2026-01-14 19:25:27 | СИСТЕМА      | WMI_CLEANUP     | ⚡ WMI очистка: БЫСТРЫЙ режим, только завершение процессов
[#] 0005 | 2026-01-14 19:25:27 | СИСТЕМА      | WMI_CLEANUP     | ⚡ БЫСТРАЯ очистка WMI при запуске...
[#] 0006 | 2026-01-14 19:25:27 | СИСТЕМА      | WMI_CLEANUP     | ⚡ Быстрый перезапуск службы WMI...
[#] 0007 | 2026-01-14 19:25:29 | СИСТЕМА      | WMI_CLEANUP     | ✅ Служба WMI перезапущена (задержка: 1500мс)
[#] 0008 | 2026-01-14 19:25:29 | СИСТЕМА      | WMI_CLEANUP     | ✅ Быстрая очистка WMI завершена
[#] 0009 | 2026-01-14 19:25:29 | СИСТЕМА      | WMI             | 🔄 Инициализация WMI Events для ProcessManager.exe (интервал: 0.1 сек)...
[+] 0010 | 2026-01-14 19:25:29 | ВКЛЮЧЕНИЕ    | WMI             | ✅ WMI служба успешно подключена
[#] 0011 | 2026-01-14 19:25:29 | СИСТЕМА      | WMI             | 🔍 Проверяем ProcessManager.exe через WMI...
[*] 0012 | 2026-01-14 19:25:29 | КОНСОЛЬ      | WMI             | ✅ ProcessManager.exe найден (1 экземпляров)
[#] 0013 | 2026-01-14 19:25:29 | СИСТЕМА      | WMI             | 📊 WMI проверка завершена
[#] 0014 | 2026-01-14 19:25:29 | СИСТЕМА      | WMI             | 📡 Инициализация WMI Events...
[+] 0015 | 2026-01-14 19:25:29 | ВКЛЮЧЕНИЕ    | WMI             | 🎯 WMI Events активированы для ProcessManager.exe
[#] 0016 | 2026-01-14 19:25:29 | СИСТЕМА      | WMI             | 🎯 WMI Events система готова к работе
[#] 0017 | 2026-01-14 19:25:29 | СИСТЕМА      | OPTIMIZATION    | 📊 Интервалы: MainLoop=100мс, WMI Events=500мс, WMI Poll=1000мс
[#] 0018 | 2026-01-14 19:25:40 | СИСТЕМА      | WMI_POLL        | 🔄 Попытка восстановления WMI Events после 10 успешных опросов...
[#] 0019 | 2026-01-14 19:25:40 | СИСТЕМА      | WMI             | 🔄 Попытка восстановления WMI Events...
[#] 0020 | 2026-01-14 19:25:40 | СИСТЕМА      | WMI             | 📡 Инициализация WMI Events...
[+] 0021 | 2026-01-14 19:25:40 | ВКЛЮЧЕНИЕ    | WMI             | 🎯 WMI Events активированы для ProcessManager.exe
[+] 0022 | 2026-01-14 19:25:40 | ВКЛЮЧЕНИЕ    | WMI             | 🎯 WMI Events успешно восстановлены из режима опроса!
[*] 0023 | 2026-01-14 19:30:21 | КОНСОЛЬ      | STRIPPED        | ✅ Найден ProcessManager_stripped.au3 в папке Watchdog
[!] 0024 | 2026-01-14 19:30:21 | ОШИБКА       | AUTOIT          | ProcessManager.exe >> Строка 1 >> #pragma compile(AutoItExecuteAllowed, True) >> String missing closing quote.
[~] 0025 | 2026-01-14 19:31:33 | ИЗМЕНЕНИЕ    | WMI_EVENT       | 💥 Обнаружено завершение: ProcessManager.exe (PID: 13432, ExitCode: -1)
[#] 0026 | 2026-01-14 19:31:33 | СИСТЕМА      | WMI_EVENT       | 🚀 Перезапуск ProcessManager.exe через WMI Events
[+] 0027 | 2026-01-14 19:31:33 | ВКЛЮЧЕНИЕ    | WMI_EVENT       | ✅ ProcessManager.exe запущен: C:\Users\Administrator\Desktop\Запускатр_лог\ProcessManager.exe
[+] 0028 | 2026-01-14 19:35:44 | ВКЛЮЧЕНИЕ    | WATCHDOG        | ⚡ AutoIt Error Watchdog запущен (БЫСТРЫЙ СТАРТ)
[#] 0029 | 2026-01-14 19:35:44 | СИСТЕМА      | OPTIMIZATION    | ⚡ CPU оптимизация: WMI ОТКЛЮЧЕН, Polling режим, Sleep 100мс
[#] 0030 | 2026-01-14 19:35:44 | СИСТЕМА      | WMI_CLEANUP     | ⚡ WMI очистка: БЫСТРЫЙ режим, только завершение процессов
[#] 0031 | 2026-01-14 19:35:44 | СИСТЕМА      | WMI_CLEANUP     | ⚡ БЫСТРАЯ очистка WMI при запуске...
[#] 0032 | 2026-01-14 19:35:44 | СИСТЕМА      | WMI_CLEANUP     | ⚡ Быстрый перезапуск службы WMI...
[#] 0033 | 2026-01-14 19:35:46 | СИСТЕМА      | WMI_CLEANUP     | ✅ Служба WMI перезапущена (задержка: 1500мс)
[#] 0034 | 2026-01-14 19:35:46 | СИСТЕМА      | WMI_CLEANUP     | ✅ Быстрая очистка WMI завершена
[#] 0035 | 2026-01-14 19:35:46 | СИСТЕМА      | WMI             | 🔄 Инициализация WMI Events для ProcessManager.exe (интервал: 0.1 сек)...
[+] 0036 | 2026-01-14 19:35:46 | ВКЛЮЧЕНИЕ    | WMI             | ✅ WMI служба успешно подключена
[#] 0037 | 2026-01-14 19:35:46 | СИСТЕМА      | WMI             | 🔍 Проверяем ProcessManager.exe через WMI...
[*] 0038 | 2026-01-14 19:35:47 | КОНСОЛЬ      | WMI             | ❌ ProcessManager.exe не найден через WMI
[#] 0039 | 2026-01-14 19:35:47 | СИСТЕМА      | WMI             | 🚀 Запускаем ProcessManager.exe при инициализации
[+] 0040 | 2026-01-14 19:35:47 | ВКЛЮЧЕНИЕ    | WMI_INITIAL     | ✅ ProcessManager.exe запущен: C:\Users\Administrator\Desktop\Запускатр_лог\ProcessManager.exe
[#] 0041 | 2026-01-14 19:35:47 | СИСТЕМА      | WMI             | 📊 WMI проверка завершена
[#] 0042 | 2026-01-14 19:35:47 | СИСТЕМА      | WMI             | 📡 Инициализация WMI Events...
[+] 0043 | 2026-01-14 19:35:47 | ВКЛЮЧЕНИЕ    | WMI             | 🎯 WMI Events активированы для ProcessManager.exe
[#] 0044 | 2026-01-14 19:35:47 | СИСТЕМА      | WMI             | 🎯 WMI Events система готова к работе
[#] 0045 | 2026-01-14 19:35:47 | СИСТЕМА      | OPTIMIZATION    | 📊 Интервалы: MainLoop=100мс, WMI Events=500мс, WMI Poll=1000мс
[#] 0046 | 2026-01-14 19:35:57 | СИСТЕМА      | WMI_POLL        | 🔄 Попытка восстановления WMI Events после 10 успешных опросов...
[#] 0047 | 2026-01-14 19:35:57 | СИСТЕМА      | WMI             | 🔄 Попытка восстановления WMI Events...
[#] 0048 | 2026-01-14 19:35:57 | СИСТЕМА      | WMI             | 📡 Инициализация WMI Events...
[+] 0049 | 2026-01-14 19:35:57 | ВКЛЮЧЕНИЕ    | WMI             | 🎯 WMI Events активированы для ProcessManager.exe
[+] 0050 | 2026-01-14 19:35:57 | ВКЛЮЧЕНИЕ    | WMI             | 🎯 WMI Events успешно восстановлены из режима опроса!
[+] 0051 | 2026-01-14 20:28:48 | ВКЛЮЧЕНИЕ    | WATCHDOG        | ⚡ AutoIt Error Watchdog запущен (БЫСТРЫЙ СТАРТ)
[#] 0052 | 2026-01-14 20:28:48 | СИСТЕМА      | OPTIMIZATION    | ⚡ CPU оптимизация: WMI ОТКЛЮЧЕН, Polling режим, Sleep 100мс
[#] 0053 | 2026-01-14 20:28:48 | СИСТЕМА      | WMI_CLEANUP     | ⚡ WMI очистка: БЫСТРЫЙ режим, только завершение процессов
[#] 0054 | 2026-01-14 20:28:48 | СИСТЕМА      | WMI_CLEANUP     | ⚡ БЫСТРАЯ очистка WMI при запуске...
[#] 0055 | 2026-01-14 20:28:48 | СИСТЕМА      | WMI_CLEANUP     | ⚡ Быстрый перезапуск службы WMI...
[#] 0056 | 2026-01-14 20:28:50 | СИСТЕМА      | WMI_CLEANUP     | ✅ Служба WMI перезапущена (задержка: 1500мс)
[#] 0057 | 2026-01-14 20:28:50 | СИСТЕМА      | WMI_CLEANUP     | ✅ Быстрая очистка WMI завершена
[#] 0058 | 2026-01-14 20:28:50 | СИСТЕМА      | WMI             | 🔄 Инициализация WMI Events для ProcessManager.exe (интервал: 0.1 сек)...
[+] 0059 | 2026-01-14 20:28:50 | ВКЛЮЧЕНИЕ    | WMI             | ✅ WMI служба успешно подключена
[#] 0060 | 2026-01-14 20:28:50 | СИСТЕМА      | WMI             | 🔍 Проверяем ProcessManager.exe через WMI...
[*] 0061 | 2026-01-14 20:28:50 | КОНСОЛЬ      | WMI             | ✅ ProcessManager.exe найден (1 экземпляров)
[#] 0062 | 2026-01-14 20:28:50 | СИСТЕМА      | WMI             | 📊 WMI проверка завершена
[#] 0063 | 2026-01-14 20:28:50 | СИСТЕМА      | WMI             | 📡 Инициализация WMI Events...
[+] 0064 | 2026-01-14 20:28:50 | ВКЛЮЧЕНИЕ    | WMI             | 🎯 WMI Events активированы для ProcessManager.exe
[#] 0065 | 2026-01-14 20:28:51 | СИСТЕМА      | WMI             | 🎯 WMI Events система готова к работе
[#] 0066 | 2026-01-14 20:28:51 | СИСТЕМА      | OPTIMIZATION    | 📊 Интервалы: MainLoop=100мс, WMI Events=500мс, WMI Poll=1000мс
[#] 0067 | 2026-01-14 20:29:01 | СИСТЕМА      | WMI_POLL        | 🔄 Попытка восстановления WMI Events после 10 успешных опросов...
[#] 0068 | 2026-01-14 20:29:01 | СИСТЕМА      | WMI             | 🔄 Попытка восстановления WMI Events...
[#] 0069 | 2026-01-14 20:29:01 | СИСТЕМА      | WMI             | 📡 Инициализация WMI Events...
[+] 0070 | 2026-01-14 20:29:01 | ВКЛЮЧЕНИЕ    | WMI             | 🎯 WMI Events активированы для ProcessManager.exe
[+] 0071 | 2026-01-14 20:29:01 | ВКЛЮЧЕНИЕ    | WMI             | 🎯 WMI Events успешно восстановлены из режима опроса!
[+] 0072 | 2026-01-14 20:34:07 | ВКЛЮЧЕНИЕ    | WATCHDOG        | ⚡ AutoIt Error Watchdog запущен (БЫСТРЫЙ СТАРТ)
[#] 0073 | 2026-01-14 20:34:07 | СИСТЕМА      | OPTIMIZATION    | ⚡ CPU оптимизация: WMI ОТКЛЮЧЕН, Polling режим, Sleep 100мс
[#] 0074 | 2026-01-14 20:34:07 | СИСТЕМА      | WMI_CLEANUP     | ⚡ WMI очистка: БЫСТРЫЙ режим, только завершение процессов
[#] 0075 | 2026-01-14 20:34:07 | СИСТЕМА      | WMI_CLEANUP     | ⚡ БЫСТРАЯ очистка WMI при запуске...
[#] 0076 | 2026-01-14 20:34:07 | СИСТЕМА      | WMI_CLEANUP     | ⚡ Быстрый перезапуск службы WMI...
[#] 0077 | 2026-01-14 20:34:09 | СИСТЕМА      | WMI_CLEANUP     | ✅ Служба WMI перезапущена (задержка: 1500мс)
[#] 0078 | 2026-01-14 20:34:09 | СИСТЕМА      | WMI_CLEANUP     | ✅ Быстрая очистка WMI завершена
[#] 0079 | 2026-01-14 20:34:09 | СИСТЕМА      | WMI             | 🔄 Инициализация WMI Events для ProcessManager.exe (интервал: 0.1 сек)...
[+] 0080 | 2026-01-14 20:34:09 | ВКЛЮЧЕНИЕ    | WMI             | ✅ WMI служба успешно подключена
[#] 0081 | 2026-01-14 20:34:09 | СИСТЕМА      | WMI             | 🔍 Проверяем ProcessManager.exe через WMI...
[*] 0082 | 2026-01-14 20:34:09 | КОНСОЛЬ      | WMI             | ✅ ProcessManager.exe найден (1 экземпляров)
[#] 0083 | 2026-01-14 20:34:09 | СИСТЕМА      | WMI             | 📊 WMI проверка завершена
[#] 0084 | 2026-01-14 20:34:09 | СИСТЕМА      | WMI             | 📡 Инициализация WMI Events...
[+] 0085 | 2026-01-14 20:34:09 | ВКЛЮЧЕНИЕ    | WMI             | 🎯 WMI Events активированы для ProcessManager.exe
[#] 0086 | 2026-01-14 20:34:09 | СИСТЕМА      | WMI             | 🎯 WMI Events система готова к работе
[#] 0087 | 2026-01-14 20:34:09 | СИСТЕМА      | OPTIMIZATION    | 📊 Интервалы: MainLoop=100мс, WMI Events=500мс, WMI Poll=1000мс
[#] 0088 | 2026-01-14 20:34:20 | СИСТЕМА      | WMI_POLL        | 🔄 Попытка восстановления WMI Events после 10 успешных опросов...
[#] 0089 | 2026-01-14 20:34:20 | СИСТЕМА      | WMI             | 🔄 Попытка восстановления WMI Events...
[#] 0090 | 2026-01-14 20:34:20 | СИСТЕМА      | WMI             | 📡 Инициализация WMI Events...
[+] 0091 | 2026-01-14 20:34:20 | ВКЛЮЧЕНИЕ    | WMI             | 🎯 WMI Events активированы для ProcessManager.exe
[+] 0092 | 2026-01-14 20:34:20 | ВКЛЮЧЕНИЕ    | WMI             | 🎯 WMI Events успешно восстановлены из режима опроса!
[#] 0093 | 2026-01-14 20:35:04 | СИСТЕМА      | PROCESSEXISTS   | ⚠️ РЕЗЕРВНАЯ СИСТЕМА: ProcessManager не найден в последние 3 сек, запускаем: ProcessManager.exe
[+] 0094 | 2026-01-14 20:35:04 | ВКЛЮЧЕНИЕ    | PROCESSEXISTS   | ✅ ProcessManager.exe запущен: C:\Users\Administrator\Desktop\Запускатр_лог\ProcessManager.exe
[~] 0095 | 2026-01-14 20:35:05 | ИЗМЕНЕНИЕ    | WMI_EVENT       | 💥 Обнаружено завершение: ProcessManager.exe (PID: 18036, ExitCode: -1)
[#] 0096 | 2026-01-14 20:35:05 | СИСТЕМА      | WMI_EVENT       | 🚀 Перезапуск ProcessManager.exe через WMI Events
[*] 0097 | 2026-01-14 20:35:05 | КОНСОЛЬ      | WMI_EVENT       | 🛡️ ProcessManager.exe уже существует, запуск отменен
